d:\proj\gitwork\bcmedia\bcobs\build-x64\plugins\win-capture\win-capture.dir\release\cursor-capture.obj
d:\proj\gitwork\bcmedia\bcobs\build-x64\plugins\win-capture\win-capture.dir\release\monitor-capture.obj
d:\proj\gitwork\bcmedia\bcobs\build-x64\plugins\win-capture\win-capture.dir\release\load-graphics-offsets.obj
d:\proj\gitwork\bcmedia\bcobs\build-x64\plugins\win-capture\win-capture.dir\release\dc-capture.obj
d:\proj\gitwork\bcmedia\bcobs\build-x64\plugins\win-capture\win-capture.dir\release\window-capture.obj
d:\proj\gitwork\bcmedia\bcobs\build-x64\plugins\win-capture\win-capture.dir\release\plugin-main.obj
d:\proj\gitwork\bcmedia\bcobs\build-x64\plugins\win-capture\win-capture.dir\release\app-helpers.obj
d:\proj\gitwork\bcmedia\bcobs\build-x64\plugins\win-capture\win-capture.dir\release\duplicator-monitor-capture.obj
d:\proj\gitwork\bcmedia\bcobs\build-x64\plugins\win-capture\win-capture.dir\release\window-helpers.obj
d:\proj\gitwork\bcmedia\bcobs\build-x64\plugins\win-capture\win-capture.dir\release\game-capture.obj
d:\proj\gitwork\bcmedia\bcobs\build-x64\plugins\win-capture\win-capture.dir\release\inject-library.obj
d:\proj\gitwork\bcmedia\bcobs\build-x64\plugins\win-capture\win-capture.dir\release\game-capture-file-init.obj
d:\proj\gitwork\bcmedia\bcobs\build-x64\plugins\win-capture\win-capture.dir\release\obfuscate.obj
d:\proj\github\obs\obs-studio\build-x64\plugins\win-capture\cmakefiles\generate.stamp
d:\proj\github\obs\obs-studio\build-x64\plugins\win-capture\release\win-capture.dll
d:\proj\github\obs\obs-studio\build-x64\plugins\win-capture\release\win-capture.lib
d:\proj\github\obs\obs-studio\build-x64\plugins\win-capture\release\win-capture.exp
d:\proj\gitwork\bcmedia\bcobs\build-x64\plugins\win-capture\win-capture.dir\release\win-capture.tlog\cl.13616.write.1.tlog
d:\proj\gitwork\bcmedia\bcobs\build-x64\plugins\win-capture\win-capture.dir\release\win-capture.tlog\cl.command.1.tlog
d:\proj\gitwork\bcmedia\bcobs\build-x64\plugins\win-capture\win-capture.dir\release\win-capture.tlog\cl.read.1.tlog
d:\proj\gitwork\bcmedia\bcobs\build-x64\plugins\win-capture\win-capture.dir\release\win-capture.tlog\custombuild.command.1.tlog
d:\proj\gitwork\bcmedia\bcobs\build-x64\plugins\win-capture\win-capture.dir\release\win-capture.tlog\custombuild.read.1.tlog
d:\proj\gitwork\bcmedia\bcobs\build-x64\plugins\win-capture\win-capture.dir\release\win-capture.tlog\custombuild.write.1.tlog
d:\proj\gitwork\bcmedia\bcobs\build-x64\plugins\win-capture\win-capture.dir\release\win-capture.tlog\link.command.1.tlog
d:\proj\gitwork\bcmedia\bcobs\build-x64\plugins\win-capture\win-capture.dir\release\win-capture.tlog\link.read.1.tlog
d:\proj\gitwork\bcmedia\bcobs\build-x64\plugins\win-capture\win-capture.dir\release\win-capture.tlog\link.write.1.tlog
d:\proj\gitwork\bcmedia\bcobs\build-x64\plugins\win-capture\win-capture.dir\release\win-capture.tlog\win-capture.write.1u.tlog
