d:\proj\gitwork\bcmedia\bcobs\build-x64\ui\frontend-plugins\decklink-output-ui\decklink-ouput-ui.dir\release\properties-view.obj
d:\proj\gitwork\bcmedia\bcobs\build-x64\ui\frontend-plugins\decklink-output-ui\decklink-ouput-ui.dir\release\mocs_compilation.obj
d:\proj\gitwork\bcmedia\bcobs\build-x64\ui\frontend-plugins\decklink-output-ui\decklink-ouput-ui.dir\release\spinbox-ignorewheel.obj
d:\proj\gitwork\bcmedia\bcobs\build-x64\ui\frontend-plugins\decklink-output-ui\decklink-ouput-ui.dir\release\decklinkoutputui.obj
d:\proj\gitwork\bcmedia\bcobs\build-x64\ui\frontend-plugins\decklink-output-ui\decklink-ouput-ui.dir\release\combobox-ignorewheel.obj
d:\proj\gitwork\bcmedia\bcobs\build-x64\ui\frontend-plugins\decklink-output-ui\decklink-ouput-ui.dir\release\slider-ignorewheel.obj
d:\proj\gitwork\bcmedia\bcobs\build-x64\ui\frontend-plugins\decklink-output-ui\decklink-ouput-ui.dir\release\vertical-scroll-area.obj
d:\proj\gitwork\bcmedia\bcobs\build-x64\ui\frontend-plugins\decklink-output-ui\decklink-ouput-ui.dir\release\double-slider.obj
d:\proj\gitwork\bcmedia\bcobs\build-x64\ui\frontend-plugins\decklink-output-ui\decklink-ouput-ui.dir\release\decklink-ui-main.obj
d:\proj\github\obs\obs-studio\build-x64\ui\frontend-plugins\decklink-output-ui\ui_output.h
d:\proj\github\obs\obs-studio\build-x64\ui\frontend-plugins\decklink-output-ui\cmakefiles\generate.stamp
d:\proj\github\obs\obs-studio\build-x64\ui\frontend-plugins\decklink-output-ui\release\decklink-ouput-ui.lib
d:\proj\github\obs\obs-studio\build-x64\ui\frontend-plugins\decklink-output-ui\release\decklink-ouput-ui.exp
d:\proj\github\obs\obs-studio\build-x64\ui\frontend-plugins\decklink-output-ui\release\decklink-ouput-ui.dll
d:\proj\gitwork\bcmedia\bcobs\build-x64\ui\frontend-plugins\decklink-output-ui\decklink-ouput-ui.dir\release\decklink.f9d57263.tlog\cl.10076.write.1.tlog
d:\proj\gitwork\bcmedia\bcobs\build-x64\ui\frontend-plugins\decklink-output-ui\decklink-ouput-ui.dir\release\decklink.f9d57263.tlog\cl.command.1.tlog
d:\proj\gitwork\bcmedia\bcobs\build-x64\ui\frontend-plugins\decklink-output-ui\decklink-ouput-ui.dir\release\decklink.f9d57263.tlog\cl.read.1.tlog
d:\proj\gitwork\bcmedia\bcobs\build-x64\ui\frontend-plugins\decklink-output-ui\decklink-ouput-ui.dir\release\decklink.f9d57263.tlog\custombuild.command.1.tlog
d:\proj\gitwork\bcmedia\bcobs\build-x64\ui\frontend-plugins\decklink-output-ui\decklink-ouput-ui.dir\release\decklink.f9d57263.tlog\custombuild.read.1.tlog
d:\proj\gitwork\bcmedia\bcobs\build-x64\ui\frontend-plugins\decklink-output-ui\decklink-ouput-ui.dir\release\decklink.f9d57263.tlog\custombuild.write.1.tlog
d:\proj\gitwork\bcmedia\bcobs\build-x64\ui\frontend-plugins\decklink-output-ui\decklink-ouput-ui.dir\release\decklink.f9d57263.tlog\decklink-ouput-ui.write.1u.tlog
d:\proj\gitwork\bcmedia\bcobs\build-x64\ui\frontend-plugins\decklink-output-ui\decklink-ouput-ui.dir\release\decklink.f9d57263.tlog\link.command.1.tlog
d:\proj\gitwork\bcmedia\bcobs\build-x64\ui\frontend-plugins\decklink-output-ui\decklink-ouput-ui.dir\release\decklink.f9d57263.tlog\link.read.1.tlog
d:\proj\gitwork\bcmedia\bcobs\build-x64\ui\frontend-plugins\decklink-output-ui\decklink-ouput-ui.dir\release\decklink.f9d57263.tlog\link.write.1.tlog
