d:\proj\gitwork\bcmedia\bcobs\build-x64\ui\frontend-plugins\frontend-tools\frontend-tools.dir\release\frontend-tools.obj
d:\proj\gitwork\bcmedia\bcobs\build-x64\ui\frontend-plugins\frontend-tools\frontend-tools.dir\release\auto-scene-switcher.obj
d:\proj\gitwork\bcmedia\bcobs\build-x64\ui\frontend-plugins\frontend-tools\frontend-tools.dir\release\mocs_compilation.obj
d:\proj\gitwork\bcmedia\bcobs\build-x64\ui\frontend-plugins\frontend-tools\frontend-tools.dir\release\vertical-scroll-area.obj
d:\proj\gitwork\bcmedia\bcobs\build-x64\ui\frontend-plugins\frontend-tools\frontend-tools.dir\release\spinbox-ignorewheel.obj
d:\proj\gitwork\bcmedia\bcobs\build-x64\ui\frontend-plugins\frontend-tools\frontend-tools.dir\release\output-timer.obj
d:\proj\gitwork\bcmedia\bcobs\build-x64\ui\frontend-plugins\frontend-tools\frontend-tools.dir\release\double-slider.obj
d:\proj\gitwork\bcmedia\bcobs\build-x64\ui\frontend-plugins\frontend-tools\frontend-tools.dir\release\auto-scene-switcher-win.obj
d:\proj\gitwork\bcmedia\bcobs\build-x64\ui\frontend-plugins\frontend-tools\frontend-tools.dir\release\horizontal-scroll-area.obj
d:\proj\gitwork\bcmedia\bcobs\build-x64\ui\frontend-plugins\frontend-tools\frontend-tools.dir\release\combobox-ignorewheel.obj
d:\proj\gitwork\bcmedia\bcobs\build-x64\ui\frontend-plugins\frontend-tools\frontend-tools.dir\release\properties-view.obj
d:\proj\gitwork\bcmedia\bcobs\build-x64\ui\frontend-plugins\frontend-tools\frontend-tools.dir\release\slider-ignorewheel.obj
d:\proj\gitwork\bcmedia\bcobs\build-x64\ui\frontend-plugins\frontend-tools\frontend-tools.dir\release\scripts.obj
d:\proj\github\obs\obs-studio\build-x64\ui\frontend-plugins\frontend-tools\ui_auto-scene-switcher.h
d:\proj\github\obs\obs-studio\build-x64\ui\frontend-plugins\frontend-tools\ui_output-timer.h
d:\proj\github\obs\obs-studio\build-x64\ui\frontend-plugins\frontend-tools\ui_scripts.h
d:\proj\github\obs\obs-studio\build-x64\ui\frontend-plugins\frontend-tools\cmakefiles\generate.stamp
d:\proj\github\obs\obs-studio\build-x64\ui\frontend-plugins\frontend-tools\release\frontend-tools.lib
d:\proj\github\obs\obs-studio\build-x64\ui\frontend-plugins\frontend-tools\release\frontend-tools.exp
d:\proj\github\obs\obs-studio\build-x64\ui\frontend-plugins\frontend-tools\release\frontend-tools.dll
d:\proj\gitwork\bcmedia\bcobs\build-x64\ui\frontend-plugins\frontend-tools\frontend-tools.dir\release\frontend-tools.tlog\cl.command.1.tlog
d:\proj\gitwork\bcmedia\bcobs\build-x64\ui\frontend-plugins\frontend-tools\frontend-tools.dir\release\frontend-tools.tlog\cl.read.1.tlog
d:\proj\gitwork\bcmedia\bcobs\build-x64\ui\frontend-plugins\frontend-tools\frontend-tools.dir\release\frontend-tools.tlog\cl.write.1.tlog
d:\proj\gitwork\bcmedia\bcobs\build-x64\ui\frontend-plugins\frontend-tools\frontend-tools.dir\release\frontend-tools.tlog\custombuild.command.1.tlog
d:\proj\gitwork\bcmedia\bcobs\build-x64\ui\frontend-plugins\frontend-tools\frontend-tools.dir\release\frontend-tools.tlog\custombuild.read.1.tlog
d:\proj\gitwork\bcmedia\bcobs\build-x64\ui\frontend-plugins\frontend-tools\frontend-tools.dir\release\frontend-tools.tlog\custombuild.write.1.tlog
d:\proj\gitwork\bcmedia\bcobs\build-x64\ui\frontend-plugins\frontend-tools\frontend-tools.dir\release\frontend-tools.tlog\frontend-tools.write.1u.tlog
d:\proj\gitwork\bcmedia\bcobs\build-x64\ui\frontend-plugins\frontend-tools\frontend-tools.dir\release\frontend-tools.tlog\link.command.1.tlog
d:\proj\gitwork\bcmedia\bcobs\build-x64\ui\frontend-plugins\frontend-tools\frontend-tools.dir\release\frontend-tools.tlog\link.read.1.tlog
d:\proj\gitwork\bcmedia\bcobs\build-x64\ui\frontend-plugins\frontend-tools\frontend-tools.dir\release\frontend-tools.tlog\link.write.1.tlog
