  Building Custom Rule D:/proj/github/obs/obs-studio/plugins/obs-ffmpeg/CMakeLists.txt
  obs-ffmpeg.c
  obs-ffmpeg-audio-encoders.c
  obs-ffmpeg-nvenc.c
  obs-ffmpeg-output.c
  obs-ffmpeg-mux.c
  ffmpeg-encoded-output.c
  obs-ffmpeg-source.c
D:\proj\github\obs\obs-tools\obs-deps2017\win64\include\libavutil\rational.h(1,1): warning C4819: 该文件包含不能在当前代码页(936)中表示的字符。请将该文件保存为 Unicode 格式以防止数据丢失 (编译源文件 D:\proj\github\obs\obs-studio\plugins\obs-ffmpeg\obs-ffmpeg-audio-encoders.c)
D:\proj\github\obs\obs-tools\obs-deps2017\win64\include\libavutil\rational.h(1,1): warning C4819: 该文件包含不能在当前代码页(936)中表示的字符。请将该文件保存为 Unicode 格式以防止数据丢失 (编译源文件 D:\proj\github\obs\obs-studio\plugins\obs-ffmpeg\obs-ffmpeg-nvenc.c)
D:\proj\github\obs\obs-tools\obs-deps2017\win64\include\libavutil\rational.h(1,1): warning C4819: 该文件包含不能在当前代码页(936)中表示的字符。请将该文件保存为 Unicode 格式以防止数据丢失 (编译源文件 D:\proj\github\obs\obs-studio\plugins\obs-ffmpeg\obs-ffmpeg.c)
D:\proj\github\obs\obs-tools\obs-deps2017\win64\include\libavutil\rational.h(1,1): warning C4819: 该文件包含不能在当前代码页(936)中表示的字符。请将该文件保存为 Unicode 格式以防止数据丢失 (编译源文件 D:\proj\github\obs\obs-studio\plugins\obs-ffmpeg\obs-ffmpeg-source.c)
D:\proj\github\obs\obs-tools\obs-deps2017\win64\include\libavutil\rational.h(1,1): warning C4819: 该文件包含不能在当前代码页(936)中表示的字符。请将该文件保存为 Unicode 格式以防止数据丢失 (编译源文件 D:\proj\github\obs\obs-studio\plugins\obs-ffmpeg\ffmpeg-encoded-output.c)
D:\proj\github\obs\obs-tools\obs-deps2017\win64\include\libavutil\rational.h(1,1): warning C4819: 该文件包含不能在当前代码页(936)中表示的字符。请将该文件保存为 Unicode 格式以防止数据丢失 (编译源文件 D:\proj\github\obs\obs-studio\plugins\obs-ffmpeg\obs-ffmpeg-output.c)
D:\proj\github\obs\obs-tools\obs-deps2017\win64\include\libavutil\rational.h(1,1): warning C4819: 该文件包含不能在当前代码页(936)中表示的字符。请将该文件保存为 Unicode 格式以防止数据丢失 (编译源文件 D:\proj\github\obs\obs-studio\plugins\obs-ffmpeg\obs-ffmpeg-mux.c)
  jim-nvenc.c
  jim-nvenc-helpers.c
D:\proj\github\obs\obs-studio\plugins\obs-ffmpeg\external/nvEncodeAPI.h(644,1): warning C4819: 该文件包含不能在当前代码页(936)中表示的字符。请将该文件保存为 Unicode 格式以防止数据丢失 (编译源文件 D:\proj\github\obs\obs-studio\plugins\obs-ffmpeg\jim-nvenc.c)
D:\proj\github\obs\obs-studio\plugins\obs-ffmpeg\external/nvEncodeAPI.h(644,1): warning C4819: 该文件包含不能在当前代码页(936)中表示的字符。请将该文件保存为 Unicode 格式以防止数据丢失 (编译源文件 D:\proj\github\obs\obs-studio\plugins\obs-ffmpeg\jim-nvenc-helpers.c)
    正在创建库 D:/proj/github/obs/obs-studio/build-x64/plugins/obs-ffmpeg/Release/obs-ffmpeg.lib 和对象 D:/proj/github/obs/obs-studio/build-x64/plugins/obs-ffmpeg/Release/obs-ffmpeg.exp
  obs-ffmpeg.vcxproj -> D:\proj\github\obs\obs-studio\build-x64\plugins\obs-ffmpeg\Release\obs-ffmpeg.dll
