d:\proj\gitwork\bcmedia\bcobs\build-x64\plugins\obs-ffmpeg\obs-ffmpeg.dir\release\obs-ffmpeg-mux.obj
d:\proj\gitwork\bcmedia\bcobs\build-x64\plugins\obs-ffmpeg\obs-ffmpeg.dir\release\obs-ffmpeg-output.obj
d:\proj\gitwork\bcmedia\bcobs\build-x64\plugins\obs-ffmpeg\obs-ffmpeg.dir\release\obs-ffmpeg.obj
d:\proj\gitwork\bcmedia\bcobs\build-x64\plugins\obs-ffmpeg\obs-ffmpeg.dir\release\obs-ffmpeg-audio-encoders.obj
d:\proj\gitwork\bcmedia\bcobs\build-x64\plugins\obs-ffmpeg\obs-ffmpeg.dir\release\jim-nvenc-helpers.obj
d:\proj\gitwork\bcmedia\bcobs\build-x64\plugins\obs-ffmpeg\obs-ffmpeg.dir\release\jim-nvenc.obj
d:\proj\gitwork\bcmedia\bcobs\build-x64\plugins\obs-ffmpeg\obs-ffmpeg.dir\release\obs-ffmpeg-source.obj
d:\proj\gitwork\bcmedia\bcobs\build-x64\plugins\obs-ffmpeg\obs-ffmpeg.dir\release\obs-ffmpeg-nvenc.obj
d:\proj\gitwork\bcmedia\bcobs\build-x64\plugins\obs-ffmpeg\obs-ffmpeg.dir\release\ffmpeg-encoded-output.obj
d:\proj\github\obs\obs-studio\build-x64\plugins\obs-ffmpeg\cmakefiles\generate.stamp
d:\proj\github\obs\obs-studio\build-x64\plugins\obs-ffmpeg\release\obs-ffmpeg.dll
d:\proj\github\obs\obs-studio\build-x64\plugins\obs-ffmpeg\release\obs-ffmpeg.lib
d:\proj\github\obs\obs-studio\build-x64\plugins\obs-ffmpeg\release\obs-ffmpeg.exp
d:\proj\gitwork\bcmedia\bcobs\build-x64\plugins\obs-ffmpeg\obs-ffmpeg.dir\release\obs-ffmpeg.tlog\cl.12468.write.1.tlog
d:\proj\gitwork\bcmedia\bcobs\build-x64\plugins\obs-ffmpeg\obs-ffmpeg.dir\release\obs-ffmpeg.tlog\cl.command.1.tlog
d:\proj\gitwork\bcmedia\bcobs\build-x64\plugins\obs-ffmpeg\obs-ffmpeg.dir\release\obs-ffmpeg.tlog\cl.read.1.tlog
d:\proj\gitwork\bcmedia\bcobs\build-x64\plugins\obs-ffmpeg\obs-ffmpeg.dir\release\obs-ffmpeg.tlog\custombuild.command.1.tlog
d:\proj\gitwork\bcmedia\bcobs\build-x64\plugins\obs-ffmpeg\obs-ffmpeg.dir\release\obs-ffmpeg.tlog\custombuild.read.1.tlog
d:\proj\gitwork\bcmedia\bcobs\build-x64\plugins\obs-ffmpeg\obs-ffmpeg.dir\release\obs-ffmpeg.tlog\custombuild.write.1.tlog
d:\proj\gitwork\bcmedia\bcobs\build-x64\plugins\obs-ffmpeg\obs-ffmpeg.dir\release\obs-ffmpeg.tlog\link.command.1.tlog
d:\proj\gitwork\bcmedia\bcobs\build-x64\plugins\obs-ffmpeg\obs-ffmpeg.dir\release\obs-ffmpeg.tlog\link.read.1.tlog
d:\proj\gitwork\bcmedia\bcobs\build-x64\plugins\obs-ffmpeg\obs-ffmpeg.dir\release\obs-ffmpeg.tlog\link.write.1.tlog
d:\proj\gitwork\bcmedia\bcobs\build-x64\plugins\obs-ffmpeg\obs-ffmpeg.dir\release\obs-ffmpeg.tlog\obs-ffmpeg.write.1u.tlog
