d:\proj\gitwork\bcmedia\bcobs\build-x64\libobs-d3d11\libobs-d3d11.dir\release\d3d11-texture3d.obj
d:\proj\gitwork\bcmedia\bcobs\build-x64\libobs-d3d11\libobs-d3d11.dir\release\d3d11-rebuild.obj
d:\proj\gitwork\bcmedia\bcobs\build-x64\libobs-d3d11\libobs-d3d11.dir\release\d3d11-shader.obj
d:\proj\gitwork\bcmedia\bcobs\build-x64\libobs-d3d11\libobs-d3d11.dir\release\d3d11-indexbuffer.obj
d:\proj\gitwork\bcmedia\bcobs\build-x64\libobs-d3d11\libobs-d3d11.dir\release\d3d11-vertexbuffer.obj
d:\proj\gitwork\bcmedia\bcobs\build-x64\libobs-d3d11\libobs-d3d11.dir\release\d3d11-stagesurf.obj
d:\proj\gitwork\bcmedia\bcobs\build-x64\libobs-d3d11\libobs-d3d11.dir\release\d3d11-zstencilbuffer.obj
d:\proj\gitwork\bcmedia\bcobs\build-x64\libobs-d3d11\libobs-d3d11.dir\release\d3d11-shaderprocessor.obj
d:\proj\gitwork\bcmedia\bcobs\build-x64\libobs-d3d11\libobs-d3d11.dir\release\d3d11-texture2d.obj
d:\proj\gitwork\bcmedia\bcobs\build-x64\libobs-d3d11\libobs-d3d11.dir\release\d3d11-samplerstate.obj
d:\proj\gitwork\bcmedia\bcobs\build-x64\libobs-d3d11\libobs-d3d11.dir\release\d3d11-duplicator.obj
d:\proj\gitwork\bcmedia\bcobs\build-x64\libobs-d3d11\libobs-d3d11.dir\release\d3d11-subsystem.obj
d:\proj\github\obs\obs-studio\build-x64\libobs-d3d11\cmakefiles\generate.stamp
d:\proj\github\obs\obs-studio\build-x64\libobs-d3d11\release\libobs-d3d11.lib
d:\proj\github\obs\obs-studio\build-x64\libobs-d3d11\release\libobs-d3d11.exp
d:\proj\github\obs\obs-studio\build-x64\libobs-d3d11\release\libobs-d3d11.dll
d:\proj\gitwork\bcmedia\bcobs\build-x64\libobs-d3d11\libobs-d3d11.dir\release\libobs-d3d11.tlog\cl.12664.write.1.tlog
d:\proj\gitwork\bcmedia\bcobs\build-x64\libobs-d3d11\libobs-d3d11.dir\release\libobs-d3d11.tlog\cl.command.1.tlog
d:\proj\gitwork\bcmedia\bcobs\build-x64\libobs-d3d11\libobs-d3d11.dir\release\libobs-d3d11.tlog\cl.read.1.tlog
d:\proj\gitwork\bcmedia\bcobs\build-x64\libobs-d3d11\libobs-d3d11.dir\release\libobs-d3d11.tlog\custombuild.command.1.tlog
d:\proj\gitwork\bcmedia\bcobs\build-x64\libobs-d3d11\libobs-d3d11.dir\release\libobs-d3d11.tlog\custombuild.read.1.tlog
d:\proj\gitwork\bcmedia\bcobs\build-x64\libobs-d3d11\libobs-d3d11.dir\release\libobs-d3d11.tlog\custombuild.write.1.tlog
d:\proj\gitwork\bcmedia\bcobs\build-x64\libobs-d3d11\libobs-d3d11.dir\release\libobs-d3d11.tlog\libobs-d3d11.write.1u.tlog
d:\proj\gitwork\bcmedia\bcobs\build-x64\libobs-d3d11\libobs-d3d11.dir\release\libobs-d3d11.tlog\link.command.1.tlog
d:\proj\gitwork\bcmedia\bcobs\build-x64\libobs-d3d11\libobs-d3d11.dir\release\libobs-d3d11.tlog\link.read.1.tlog
d:\proj\gitwork\bcmedia\bcobs\build-x64\libobs-d3d11\libobs-d3d11.dir\release\libobs-d3d11.tlog\link.write.1.tlog
