  Building Custom Rule D:/proj/github/obs/obs-studio/plugins/obs-outputs/CMakeLists.txt
  ftl-stream.c
  hmac.c
  sha2.c
  ftl-sdk.c
  handshake.c
  ingest.c
  ftl_helpers.c
  media.c
  gettimeofday.c
  logging.c
  socket.c
  threads.c
  obs-outputs.c
  null-output.c
  rtmp-stream.c
  rtmp-windows.c
  flv-output.c
  flv-mux.c
  net-if.c
  amf.c
  cencode.c
  hashswf.c
  log.c
  md5.c
  parseurl.c
  rtmp.c
    正在创建库 D:/proj/github/obs/obs-studio/build-x64/plugins/obs-outputs/Release/obs-outputs.lib 和对象 D:/proj/github/obs/obs-studio/build-x64/plugins/obs-outputs/Release/obs-outputs.exp
  obs-outputs.vcxproj -> D:\proj\github\obs\obs-studio\build-x64\plugins\obs-outputs\Release\obs-outputs.dll
