d:\proj\gitwork\bcmedia\bcobs\build-x64\plugins\obs-outputs\obs-outputs.dir\release\sha2.obj
d:\proj\gitwork\bcmedia\bcobs\build-x64\plugins\obs-outputs\obs-outputs.dir\release\logging.obj
d:\proj\gitwork\bcmedia\bcobs\build-x64\plugins\obs-outputs\obs-outputs.dir\release\obs-outputs.obj
d:\proj\gitwork\bcmedia\bcobs\build-x64\plugins\obs-outputs\obs-outputs.dir\release\amf.obj
d:\proj\gitwork\bcmedia\bcobs\build-x64\plugins\obs-outputs\obs-outputs.dir\release\ftl_helpers.obj
d:\proj\gitwork\bcmedia\bcobs\build-x64\plugins\obs-outputs\obs-outputs.dir\release\threads.obj
d:\proj\gitwork\bcmedia\bcobs\build-x64\plugins\obs-outputs\obs-outputs.dir\release\parseurl.obj
d:\proj\gitwork\bcmedia\bcobs\build-x64\plugins\obs-outputs\obs-outputs.dir\release\hmac.obj
d:\proj\gitwork\bcmedia\bcobs\build-x64\plugins\obs-outputs\obs-outputs.dir\release\gettimeofday.obj
d:\proj\gitwork\bcmedia\bcobs\build-x64\plugins\obs-outputs\obs-outputs.dir\release\socket.obj
d:\proj\gitwork\bcmedia\bcobs\build-x64\plugins\obs-outputs\obs-outputs.dir\release\md5.obj
d:\proj\gitwork\bcmedia\bcobs\build-x64\plugins\obs-outputs\obs-outputs.dir\release\rtmp.obj
d:\proj\gitwork\bcmedia\bcobs\build-x64\plugins\obs-outputs\obs-outputs.dir\release\ingest.obj
d:\proj\gitwork\bcmedia\bcobs\build-x64\plugins\obs-outputs\obs-outputs.dir\release\rtmp-stream.obj
d:\proj\gitwork\bcmedia\bcobs\build-x64\plugins\obs-outputs\obs-outputs.dir\release\handshake.obj
d:\proj\gitwork\bcmedia\bcobs\build-x64\plugins\obs-outputs\obs-outputs.dir\release\flv-output.obj
d:\proj\gitwork\bcmedia\bcobs\build-x64\plugins\obs-outputs\obs-outputs.dir\release\cencode.obj
d:\proj\gitwork\bcmedia\bcobs\build-x64\plugins\obs-outputs\obs-outputs.dir\release\hashswf.obj
d:\proj\gitwork\bcmedia\bcobs\build-x64\plugins\obs-outputs\obs-outputs.dir\release\log.obj
d:\proj\gitwork\bcmedia\bcobs\build-x64\plugins\obs-outputs\obs-outputs.dir\release\ftl-stream.obj
d:\proj\gitwork\bcmedia\bcobs\build-x64\plugins\obs-outputs\obs-outputs.dir\release\net-if.obj
d:\proj\gitwork\bcmedia\bcobs\build-x64\plugins\obs-outputs\obs-outputs.dir\release\ftl-sdk.obj
d:\proj\gitwork\bcmedia\bcobs\build-x64\plugins\obs-outputs\obs-outputs.dir\release\rtmp-windows.obj
d:\proj\gitwork\bcmedia\bcobs\build-x64\plugins\obs-outputs\obs-outputs.dir\release\media.obj
d:\proj\gitwork\bcmedia\bcobs\build-x64\plugins\obs-outputs\obs-outputs.dir\release\null-output.obj
d:\proj\gitwork\bcmedia\bcobs\build-x64\plugins\obs-outputs\obs-outputs.dir\release\flv-mux.obj
d:\proj\github\obs\obs-studio\build-x64\plugins\obs-outputs\cmakefiles\generate.stamp
d:\proj\github\obs\obs-studio\build-x64\plugins\obs-outputs\release\obs-outputs.dll
d:\proj\github\obs\obs-studio\build-x64\plugins\obs-outputs\release\obs-outputs.lib
d:\proj\github\obs\obs-studio\build-x64\plugins\obs-outputs\release\obs-outputs.exp
d:\proj\gitwork\bcmedia\bcobs\build-x64\plugins\obs-outputs\obs-outputs.dir\release\obs-outputs.tlog\cl.10060.write.1.tlog
d:\proj\gitwork\bcmedia\bcobs\build-x64\plugins\obs-outputs\obs-outputs.dir\release\obs-outputs.tlog\cl.command.1.tlog
d:\proj\gitwork\bcmedia\bcobs\build-x64\plugins\obs-outputs\obs-outputs.dir\release\obs-outputs.tlog\cl.read.1.tlog
d:\proj\gitwork\bcmedia\bcobs\build-x64\plugins\obs-outputs\obs-outputs.dir\release\obs-outputs.tlog\custombuild.command.1.tlog
d:\proj\gitwork\bcmedia\bcobs\build-x64\plugins\obs-outputs\obs-outputs.dir\release\obs-outputs.tlog\custombuild.read.1.tlog
d:\proj\gitwork\bcmedia\bcobs\build-x64\plugins\obs-outputs\obs-outputs.dir\release\obs-outputs.tlog\custombuild.write.1.tlog
d:\proj\gitwork\bcmedia\bcobs\build-x64\plugins\obs-outputs\obs-outputs.dir\release\obs-outputs.tlog\link.command.1.tlog
d:\proj\gitwork\bcmedia\bcobs\build-x64\plugins\obs-outputs\obs-outputs.dir\release\obs-outputs.tlog\link.read.1.tlog
d:\proj\gitwork\bcmedia\bcobs\build-x64\plugins\obs-outputs\obs-outputs.dir\release\obs-outputs.tlog\link.write.1.tlog
d:\proj\gitwork\bcmedia\bcobs\build-x64\plugins\obs-outputs\obs-outputs.dir\release\obs-outputs.tlog\obs-outputs.write.1u.tlog
