d:\proj\gitwork\bcmedia\bcobs\build-x64\deps\lzma\lzma.dir\release\common.obj
d:\proj\gitwork\bcmedia\bcobs\build-x64\deps\lzma\lzma.dir\release\block_buffer_encoder.obj
d:\proj\gitwork\bcmedia\bcobs\build-x64\deps\lzma\lzma.dir\release\filter_flags_encoder.obj
d:\proj\gitwork\bcmedia\bcobs\build-x64\deps\lzma\lzma.dir\release\auto_decoder.obj
d:\proj\gitwork\bcmedia\bcobs\build-x64\deps\lzma\lzma.dir\release\stream_decoder.obj
d:\proj\gitwork\bcmedia\bcobs\build-x64\deps\lzma\lzma.dir\release\lz_decoder.obj
d:\proj\gitwork\bcmedia\bcobs\build-x64\deps\lzma\lzma.dir\release\lzma2_decoder.obj
d:\proj\gitwork\bcmedia\bcobs\build-x64\deps\lzma\lzma.dir\release\ia64.obj
d:\proj\gitwork\bcmedia\bcobs\build-x64\deps\lzma\lzma.dir\release\sha256.obj
d:\proj\gitwork\bcmedia\bcobs\build-x64\deps\lzma\lzma.dir\release\vli_size.obj
d:\proj\gitwork\bcmedia\bcobs\build-x64\deps\lzma\lzma.dir\release\easy_buffer_encoder.obj
d:\proj\gitwork\bcmedia\bcobs\build-x64\deps\lzma\lzma.dir\release\stream_encoder.obj
d:\proj\gitwork\bcmedia\bcobs\build-x64\deps\lzma\lzma.dir\release\filter_buffer_decoder.obj
d:\proj\gitwork\bcmedia\bcobs\build-x64\deps\lzma\lzma.dir\release\vli_decoder.obj
d:\proj\gitwork\bcmedia\bcobs\build-x64\deps\lzma\lzma.dir\release\lzma_encoder_presets.obj
d:\proj\gitwork\bcmedia\bcobs\build-x64\deps\lzma\lzma.dir\release\price_table.obj
d:\proj\gitwork\bcmedia\bcobs\build-x64\deps\lzma\lzma.dir\release\arm.obj
d:\proj\gitwork\bcmedia\bcobs\build-x64\deps\lzma\lzma.dir\release\crc32_fast.obj
d:\proj\gitwork\bcmedia\bcobs\build-x64\deps\lzma\lzma.dir\release\stream_flags_common.obj
d:\proj\gitwork\bcmedia\bcobs\build-x64\deps\lzma\lzma.dir\release\filter_buffer_encoder.obj
d:\proj\gitwork\bcmedia\bcobs\build-x64\deps\lzma\lzma.dir\release\alone_decoder.obj
d:\proj\gitwork\bcmedia\bcobs\build-x64\deps\lzma\lzma.dir\release\index_decoder.obj
d:\proj\gitwork\bcmedia\bcobs\build-x64\deps\lzma\lzma.dir\release\lz_encoder_mf.obj
d:\proj\gitwork\bcmedia\bcobs\build-x64\deps\lzma\lzma.dir\release\lzma2_encoder.obj
d:\proj\gitwork\bcmedia\bcobs\build-x64\deps\lzma\lzma.dir\release\armthumb.obj
d:\proj\gitwork\bcmedia\bcobs\build-x64\deps\lzma\lzma.dir\release\crc32_table.obj
d:\proj\gitwork\bcmedia\bcobs\build-x64\deps\lzma\lzma.dir\release\filter_common.obj
d:\proj\gitwork\bcmedia\bcobs\build-x64\deps\lzma\lzma.dir\release\easy_encoder.obj
d:\proj\gitwork\bcmedia\bcobs\build-x64\deps\lzma\lzma.dir\release\vli_encoder.obj
d:\proj\gitwork\bcmedia\bcobs\build-x64\deps\lzma\lzma.dir\release\filter_decoder.obj
d:\proj\gitwork\bcmedia\bcobs\build-x64\deps\lzma\lzma.dir\release\delta_common.obj
d:\proj\gitwork\bcmedia\bcobs\build-x64\deps\lzma\lzma.dir\release\lzma_encoder_optimum_fast.obj
d:\proj\gitwork\bcmedia\bcobs\build-x64\deps\lzma\lzma.dir\release\simple_decoder.obj
d:\proj\gitwork\bcmedia\bcobs\build-x64\deps\lzma\lzma.dir\release\block_util.obj
d:\proj\gitwork\bcmedia\bcobs\build-x64\deps\lzma\lzma.dir\release\alone_encoder.obj
d:\proj\gitwork\bcmedia\bcobs\build-x64\deps\lzma\lzma.dir\release\easy_encoder_memusage.obj
d:\proj\gitwork\bcmedia\bcobs\build-x64\deps\lzma\lzma.dir\release\stream_flags_encoder.obj
d:\proj\gitwork\bcmedia\bcobs\build-x64\deps\lzma\lzma.dir\release\easy_decoder_memusage.obj
d:\proj\gitwork\bcmedia\bcobs\build-x64\deps\lzma\lzma.dir\release\stream_flags_decoder.obj
d:\proj\gitwork\bcmedia\bcobs\build-x64\deps\lzma\lzma.dir\release\lzma_encoder.obj
d:\proj\gitwork\bcmedia\bcobs\build-x64\deps\lzma\lzma.dir\release\simple_coder.obj
d:\proj\gitwork\bcmedia\bcobs\build-x64\deps\lzma\lzma.dir\release\sparc.obj
d:\proj\gitwork\bcmedia\bcobs\build-x64\deps\lzma\lzma.dir\release\crc64_table.obj
d:\proj\gitwork\bcmedia\bcobs\build-x64\deps\lzma\lzma.dir\release\easy_preset.obj
d:\proj\gitwork\bcmedia\bcobs\build-x64\deps\lzma\lzma.dir\release\block_header_encoder.obj
d:\proj\gitwork\bcmedia\bcobs\build-x64\deps\lzma\lzma.dir\release\stream_buffer_encoder.obj
d:\proj\gitwork\bcmedia\bcobs\build-x64\deps\lzma\lzma.dir\release\block_header_decoder.obj
d:\proj\gitwork\bcmedia\bcobs\build-x64\deps\lzma\lzma.dir\release\index_hash.obj
d:\proj\gitwork\bcmedia\bcobs\build-x64\deps\lzma\lzma.dir\release\lz_encoder.obj
d:\proj\gitwork\bcmedia\bcobs\build-x64\deps\lzma\lzma.dir\release\lzma_decoder.obj
d:\proj\gitwork\bcmedia\bcobs\build-x64\deps\lzma\lzma.dir\release\crc64_fast.obj
d:\proj\gitwork\bcmedia\bcobs\build-x64\deps\lzma\lzma.dir\release\index.obj
d:\proj\gitwork\bcmedia\bcobs\build-x64\deps\lzma\lzma.dir\release\filter_encoder.obj
d:\proj\gitwork\bcmedia\bcobs\build-x64\deps\lzma\lzma.dir\release\block_decoder.obj
d:\proj\gitwork\bcmedia\bcobs\build-x64\deps\lzma\lzma.dir\release\stream_buffer_decoder.obj
d:\proj\gitwork\bcmedia\bcobs\build-x64\deps\lzma\lzma.dir\release\delta_decoder.obj
d:\proj\gitwork\bcmedia\bcobs\build-x64\deps\lzma\lzma.dir\release\fastpos_table.obj
d:\proj\gitwork\bcmedia\bcobs\build-x64\deps\lzma\lzma.dir\release\simple_encoder.obj
d:\proj\gitwork\bcmedia\bcobs\build-x64\deps\lzma\lzma.dir\release\x86.obj
d:\proj\gitwork\bcmedia\bcobs\build-x64\deps\lzma\lzma.dir\release\check.obj
d:\proj\gitwork\bcmedia\bcobs\build-x64\deps\lzma\lzma.dir\release\hardware_physmem.obj
d:\proj\gitwork\bcmedia\bcobs\build-x64\deps\lzma\lzma.dir\release\block_encoder.obj
d:\proj\gitwork\bcmedia\bcobs\build-x64\deps\lzma\lzma.dir\release\index_encoder.obj
d:\proj\gitwork\bcmedia\bcobs\build-x64\deps\lzma\lzma.dir\release\block_buffer_decoder.obj
d:\proj\gitwork\bcmedia\bcobs\build-x64\deps\lzma\lzma.dir\release\filter_flags_decoder.obj
d:\proj\gitwork\bcmedia\bcobs\build-x64\deps\lzma\lzma.dir\release\delta_encoder.obj
d:\proj\gitwork\bcmedia\bcobs\build-x64\deps\lzma\lzma.dir\release\lzma_encoder_optimum_normal.obj
d:\proj\gitwork\bcmedia\bcobs\build-x64\deps\lzma\lzma.dir\release\powerpc.obj
d:\proj\github\obs\obs-studio\build-x64\deps\lzma\cmakefiles\generate.stamp
d:\proj\github\obs\obs-studio\build-x64\deps\lzma\release\lzma.lib
d:\proj\gitwork\bcmedia\bcobs\build-x64\deps\lzma\lzma.dir\release\lzma.tlog\cl.100.write.1.tlog
d:\proj\gitwork\bcmedia\bcobs\build-x64\deps\lzma\lzma.dir\release\lzma.tlog\cl.command.1.tlog
d:\proj\gitwork\bcmedia\bcobs\build-x64\deps\lzma\lzma.dir\release\lzma.tlog\cl.read.1.tlog
d:\proj\gitwork\bcmedia\bcobs\build-x64\deps\lzma\lzma.dir\release\lzma.tlog\custombuild.command.1.tlog
d:\proj\gitwork\bcmedia\bcobs\build-x64\deps\lzma\lzma.dir\release\lzma.tlog\custombuild.read.1.tlog
d:\proj\gitwork\bcmedia\bcobs\build-x64\deps\lzma\lzma.dir\release\lzma.tlog\custombuild.write.1.tlog
d:\proj\gitwork\bcmedia\bcobs\build-x64\deps\lzma\lzma.dir\release\lzma.tlog\lib-link.read.1.tlog
d:\proj\gitwork\bcmedia\bcobs\build-x64\deps\lzma\lzma.dir\release\lzma.tlog\lib-link.write.1.tlog
d:\proj\gitwork\bcmedia\bcobs\build-x64\deps\lzma\lzma.dir\release\lzma.tlog\lib.command.1.tlog
