d:\proj\github\obs\obs-studio\build-x64\cmakefiles\generate.stamp
d:\proj\github\obs\obs-studio\build-x64\deps\cmakefiles\generate.stamp
d:\proj\github\obs\obs-studio\build-x64\deps\w32-pthreads\cmakefiles\generate.stamp
d:\proj\github\obs\obs-studio\build-x64\deps\glad\cmakefiles\generate.stamp
d:\proj\github\obs\obs-studio\build-x64\deps\ipc-util\cmakefiles\generate.stamp
d:\proj\github\obs\obs-studio\build-x64\deps\media-playback\cmakefiles\generate.stamp
d:\proj\github\obs\obs-studio\build-x64\deps\file-updater\cmakefiles\generate.stamp
d:\proj\github\obs\obs-studio\build-x64\deps\obs-scripting\cmakefiles\generate.stamp
d:\proj\github\obs\obs-studio\build-x64\deps\obs-scripting\obspython\cmakefiles\generate.stamp
d:\proj\github\obs\obs-studio\build-x64\deps\obs-scripting\obslua\cmakefiles\generate.stamp
d:\proj\github\obs\obs-studio\build-x64\deps\blake2\cmakefiles\generate.stamp
d:\proj\github\obs\obs-studio\build-x64\deps\lzma\cmakefiles\generate.stamp
d:\proj\github\obs\obs-studio\build-x64\deps\jansson\cmakefiles\generate.stamp
d:\proj\github\obs\obs-studio\build-x64\libobs-d3d11\cmakefiles\generate.stamp
d:\proj\github\obs\obs-studio\build-x64\libobs-winrt\cmakefiles\generate.stamp
d:\proj\github\obs\obs-studio\build-x64\libobs-opengl\cmakefiles\generate.stamp
d:\proj\github\obs\obs-studio\build-x64\libobs\cmakefiles\generate.stamp
d:\proj\github\obs\obs-studio\build-x64\plugins\cmakefiles\generate.stamp
d:\proj\github\obs\obs-studio\build-x64\plugins\coreaudio-encoder\cmakefiles\generate.stamp
d:\proj\github\obs\obs-studio\build-x64\plugins\win-wasapi\cmakefiles\generate.stamp
d:\proj\github\obs\obs-studio\build-x64\plugins\win-dshow\cmakefiles\generate.stamp
d:\proj\github\obs\obs-studio\build-x64\plugins\win-capture\cmakefiles\generate.stamp
d:\proj\github\obs\obs-studio\build-x64\plugins\win-capture\graphics-hook\cmakefiles\generate.stamp
d:\proj\github\obs\obs-studio\build-x64\plugins\win-capture\get-graphics-offsets\cmakefiles\generate.stamp
d:\proj\github\obs\obs-studio\build-x64\plugins\win-capture\inject-helper\cmakefiles\generate.stamp
d:\proj\github\obs\obs-studio\build-x64\plugins\decklink\win\cmakefiles\generate.stamp
d:\proj\github\obs\obs-studio\build-x64\plugins\win-mf\cmakefiles\generate.stamp
d:\proj\github\obs\obs-studio\build-x64\plugins\obs-qsv11\cmakefiles\generate.stamp
d:\proj\github\obs\obs-studio\build-x64\plugins\vlc-video\cmakefiles\generate.stamp
d:\proj\github\obs\obs-studio\build-x64\plugins\enc-amf\cmakefiles\generate.stamp
d:\proj\github\obs\obs-studio\build-x64\plugins\enc-amf\amf-test\cmakefiles\generate.stamp
d:\proj\github\obs\obs-studio\build-x64\plugins\win-ivcam\cmakefiles\generate.stamp
d:\proj\github\obs\obs-studio\build-x64\plugins\obs-vst\cmakefiles\generate.stamp
d:\proj\github\obs\obs-studio\build-x64\plugins\image-source\cmakefiles\generate.stamp
d:\proj\github\obs\obs-studio\build-x64\plugins\obs-x264\cmakefiles\generate.stamp
d:\proj\github\obs\obs-studio\build-x64\plugins\obs-libfdk\cmakefiles\generate.stamp
d:\proj\github\obs\obs-studio\build-x64\plugins\obs-ffmpeg\cmakefiles\generate.stamp
d:\proj\github\obs\obs-studio\build-x64\plugins\obs-ffmpeg\ffmpeg-mux\cmakefiles\generate.stamp
d:\proj\github\obs\obs-studio\build-x64\plugins\obs-outputs\cmakefiles\generate.stamp
d:\proj\github\obs\obs-studio\build-x64\plugins\obs-filters\cmakefiles\generate.stamp
d:\proj\github\obs\obs-studio\build-x64\plugins\obs-transitions\cmakefiles\generate.stamp
d:\proj\github\obs\obs-studio\build-x64\plugins\obs-text\cmakefiles\generate.stamp
d:\proj\github\obs\obs-studio\build-x64\plugins\rtmp-services\cmakefiles\generate.stamp
d:\proj\github\obs\obs-studio\build-x64\plugins\text-freetype2\cmakefiles\generate.stamp
d:\proj\github\obs\obs-studio\build-x64\ui\cmakefiles\generate.stamp
d:\proj\github\obs\obs-studio\build-x64\ui\obs-frontend-api\cmakefiles\generate.stamp
d:\proj\github\obs\obs-studio\build-x64\ui\frontend-plugins\cmakefiles\generate.stamp
d:\proj\github\obs\obs-studio\build-x64\ui\frontend-plugins\decklink-output-ui\cmakefiles\generate.stamp
d:\proj\github\obs\obs-studio\build-x64\ui\frontend-plugins\frontend-tools\cmakefiles\generate.stamp
d:\proj\github\obs\obs-studio\build-x64\ui\win-update\updater\cmakefiles\generate.stamp
d:\proj\github\obs\obs-studio\build-x64\cmake\helper_subdir\cmakefiles\generate.stamp
d:\proj\gitwork\bcmedia\bcobs\build-x64\x64\release\zero_check\zero_check.tlog\custombuild.command.1.tlog
d:\proj\gitwork\bcmedia\bcobs\build-x64\x64\release\zero_check\zero_check.tlog\custombuild.read.1.tlog
d:\proj\gitwork\bcmedia\bcobs\build-x64\x64\release\zero_check\zero_check.tlog\custombuild.write.1.tlog
