d:\proj\gitwork\bcmedia\bcobs\build-x64\plugins\obs-vst\obs-vst.dir\release\editorwidget.obj
d:\proj\gitwork\bcmedia\bcobs\build-x64\plugins\obs-vst\obs-vst.dir\release\editorwidget-win.obj
d:\proj\gitwork\bcmedia\bcobs\build-x64\plugins\obs-vst\obs-vst.dir\release\vstplugin-win.obj
d:\proj\gitwork\bcmedia\bcobs\build-x64\plugins\obs-vst\obs-vst.dir\release\vstplugin.obj
d:\proj\gitwork\bcmedia\bcobs\build-x64\plugins\obs-vst\obs-vst.dir\release\mocs_compilation.obj
d:\proj\gitwork\bcmedia\bcobs\build-x64\plugins\obs-vst\obs-vst.dir\release\obs-vst.obj
d:\proj\github\obs\obs-studio\build-x64\plugins\obs-vst\cmakefiles\generate.stamp
d:\proj\github\obs\obs-studio\build-x64\plugins\obs-vst\release\obs-vst.dll
d:\proj\github\obs\obs-studio\build-x64\plugins\obs-vst\release\obs-vst.lib
d:\proj\github\obs\obs-studio\build-x64\plugins\obs-vst\release\obs-vst.exp
d:\proj\gitwork\bcmedia\bcobs\build-x64\plugins\obs-vst\obs-vst.dir\release\obs-vst.tlog\cl.11964.write.1.tlog
d:\proj\gitwork\bcmedia\bcobs\build-x64\plugins\obs-vst\obs-vst.dir\release\obs-vst.tlog\cl.command.1.tlog
d:\proj\gitwork\bcmedia\bcobs\build-x64\plugins\obs-vst\obs-vst.dir\release\obs-vst.tlog\cl.read.1.tlog
d:\proj\gitwork\bcmedia\bcobs\build-x64\plugins\obs-vst\obs-vst.dir\release\obs-vst.tlog\custombuild.command.1.tlog
d:\proj\gitwork\bcmedia\bcobs\build-x64\plugins\obs-vst\obs-vst.dir\release\obs-vst.tlog\custombuild.read.1.tlog
d:\proj\gitwork\bcmedia\bcobs\build-x64\plugins\obs-vst\obs-vst.dir\release\obs-vst.tlog\custombuild.write.1.tlog
d:\proj\gitwork\bcmedia\bcobs\build-x64\plugins\obs-vst\obs-vst.dir\release\obs-vst.tlog\link.command.1.tlog
d:\proj\gitwork\bcmedia\bcobs\build-x64\plugins\obs-vst\obs-vst.dir\release\obs-vst.tlog\link.read.1.tlog
d:\proj\gitwork\bcmedia\bcobs\build-x64\plugins\obs-vst\obs-vst.dir\release\obs-vst.tlog\link.write.1.tlog
d:\proj\gitwork\bcmedia\bcobs\build-x64\plugins\obs-vst\obs-vst.dir\release\obs-vst.tlog\obs-vst.write.1u.tlog
