d:\proj\gitwork\bcmedia\bcobs\build-x64\plugins\obs-qsv11\obs-qsv11.dir\release\common_utils_windows.obj
d:\proj\gitwork\bcmedia\bcobs\build-x64\plugins\obs-qsv11\obs-qsv11.dir\release\mfx_library_iterator.obj
d:\proj\gitwork\bcmedia\bcobs\build-x64\plugins\obs-qsv11\obs-qsv11.dir\release\common_directx9.obj
d:\proj\gitwork\bcmedia\bcobs\build-x64\plugins\obs-qsv11\obs-qsv11.dir\release\mfx_load_plugin.obj
d:\proj\gitwork\bcmedia\bcobs\build-x64\plugins\obs-qsv11\obs-qsv11.dir\release\qsv_encoder.obj
d:\proj\gitwork\bcmedia\bcobs\build-x64\plugins\obs-qsv11\obs-qsv11.dir\release\mfx_dxva2_device.obj
d:\proj\gitwork\bcmedia\bcobs\build-x64\plugins\obs-qsv11\obs-qsv11.dir\release\qsv_encoder_internal.obj
d:\proj\gitwork\bcmedia\bcobs\build-x64\plugins\obs-qsv11\obs-qsv11.dir\release\mfx_dispatcher.obj
d:\proj\gitwork\bcmedia\bcobs\build-x64\plugins\obs-qsv11\obs-qsv11.dir\release\common_utils.obj
d:\proj\gitwork\bcmedia\bcobs\build-x64\plugins\obs-qsv11\obs-qsv11.dir\release\mfx_critical_section.obj
d:\proj\gitwork\bcmedia\bcobs\build-x64\plugins\obs-qsv11\obs-qsv11.dir\release\mfx_win_reg_key.obj
d:\proj\gitwork\bcmedia\bcobs\build-x64\plugins\obs-qsv11\obs-qsv11.dir\release\common_directx11.obj
d:\proj\gitwork\bcmedia\bcobs\build-x64\plugins\obs-qsv11\obs-qsv11.dir\release\mfx_plugin_hive.obj
d:\proj\gitwork\bcmedia\bcobs\build-x64\plugins\obs-qsv11\obs-qsv11.dir\release\main.obj
d:\proj\gitwork\bcmedia\bcobs\build-x64\plugins\obs-qsv11\obs-qsv11.dir\release\mfx_load_dll.obj
d:\proj\gitwork\bcmedia\bcobs\build-x64\plugins\obs-qsv11\obs-qsv11.dir\release\device_directx9.obj
d:\proj\gitwork\bcmedia\bcobs\build-x64\plugins\obs-qsv11\obs-qsv11.dir\release\mfx_dispatcher_log.obj
d:\proj\gitwork\bcmedia\bcobs\build-x64\plugins\obs-qsv11\obs-qsv11.dir\release\mfx_function_table.obj
d:\proj\gitwork\bcmedia\bcobs\build-x64\plugins\obs-qsv11\obs-qsv11.dir\release\obs-qsv11.obj
d:\proj\gitwork\bcmedia\bcobs\build-x64\plugins\obs-qsv11\obs-qsv11.dir\release\obs-qsv11-plugin-main.obj
d:\proj\github\obs\obs-studio\build-x64\plugins\obs-qsv11\cmakefiles\generate.stamp
d:\proj\github\obs\obs-studio\build-x64\plugins\obs-qsv11\release\obs-qsv11.dll
d:\proj\github\obs\obs-studio\build-x64\plugins\obs-qsv11\release\obs-qsv11.lib
d:\proj\github\obs\obs-studio\build-x64\plugins\obs-qsv11\release\obs-qsv11.exp
d:\proj\gitwork\bcmedia\bcobs\build-x64\plugins\obs-qsv11\obs-qsv11.dir\release\obs-qsv11.tlog\cl.10388.write.1.tlog
d:\proj\gitwork\bcmedia\bcobs\build-x64\plugins\obs-qsv11\obs-qsv11.dir\release\obs-qsv11.tlog\cl.command.1.tlog
d:\proj\gitwork\bcmedia\bcobs\build-x64\plugins\obs-qsv11\obs-qsv11.dir\release\obs-qsv11.tlog\cl.read.1.tlog
d:\proj\gitwork\bcmedia\bcobs\build-x64\plugins\obs-qsv11\obs-qsv11.dir\release\obs-qsv11.tlog\custombuild.command.1.tlog
d:\proj\gitwork\bcmedia\bcobs\build-x64\plugins\obs-qsv11\obs-qsv11.dir\release\obs-qsv11.tlog\custombuild.read.1.tlog
d:\proj\gitwork\bcmedia\bcobs\build-x64\plugins\obs-qsv11\obs-qsv11.dir\release\obs-qsv11.tlog\custombuild.write.1.tlog
d:\proj\gitwork\bcmedia\bcobs\build-x64\plugins\obs-qsv11\obs-qsv11.dir\release\obs-qsv11.tlog\link.command.1.tlog
d:\proj\gitwork\bcmedia\bcobs\build-x64\plugins\obs-qsv11\obs-qsv11.dir\release\obs-qsv11.tlog\link.read.1.tlog
d:\proj\gitwork\bcmedia\bcobs\build-x64\plugins\obs-qsv11\obs-qsv11.dir\release\obs-qsv11.tlog\link.write.1.tlog
d:\proj\gitwork\bcmedia\bcobs\build-x64\plugins\obs-qsv11\obs-qsv11.dir\release\obs-qsv11.tlog\obs-qsv11.write.1u.tlog
