  Building Custom Rule D:/proj/github/obs/obs-studio/plugins/obs-qsv11/CMakeLists.txt
  common_directx9.cpp
  common_directx11.cpp
  common_utils.cpp
  common_utils_windows.cpp
  device_directx9.cpp
  QSV_Encoder.cpp
  QSV_Encoder_Internal.cpp
  main.cpp
  mfx_critical_section.cpp
  mfx_dispatcher.cpp
  mfx_dispatcher_log.cpp
  mfx_dxva2_device.cpp
  mfx_function_table.cpp
  mfx_library_iterator.cpp
  mfx_load_dll.cpp
  mfx_load_plugin.cpp
  mfx_plugin_hive.cpp
  mfx_win_reg_key.cpp
  ATTENTION:
  in file
  	D:\proj\github\obs\obs-studio\plugins\obs-qsv11\libmfx\include\mfx_dxva2_device.h (51):
  Using of D3D9 enabled!
  ATTENTION:
  in file
  	D:\proj\github\obs\obs-studio\plugins\obs-qsv11\libmfx\include\mfx_dxva2_device.h (51):
  Using of D3D9 enabled!
  obs-qsv11.c
  obs-qsv11-plugin-main.c
    正在创建库 D:/proj/github/obs/obs-studio/build-x64/plugins/obs-qsv11/Release/obs-qsv11.lib 和对象 D:/proj/github/obs/obs-studio/build-x64/plugins/obs-qsv11/Release/obs-qsv11.exp
  obs-qsv11.vcxproj -> D:\proj\github\obs\obs-studio\build-x64\plugins\obs-qsv11\Release\obs-qsv11.dll
