d:\proj\gitwork\bcmedia\bcobs\build-x64\plugins\decklink\win\win-decklink.dir\release\decklink-devices.obj
d:\proj\gitwork\bcmedia\bcobs\build-x64\plugins\decklink\win\win-decklink.dir\release\decklink-device-mode.obj
d:\proj\gitwork\bcmedia\bcobs\build-x64\plugins\decklink\win\win-decklink.dir\release\plugin-main.obj
d:\proj\gitwork\bcmedia\bcobs\build-x64\plugins\decklink\win\win-decklink.dir\release\decklink-device-discovery.obj
d:\proj\gitwork\bcmedia\bcobs\build-x64\plugins\decklink\win\win-decklink.dir\release\decklink-output.obj
d:\proj\gitwork\bcmedia\bcobs\build-x64\plugins\decklink\win\win-decklink.dir\release\decklinkinput.obj
d:\proj\gitwork\bcmedia\bcobs\build-x64\plugins\decklink\win\win-decklink.dir\release\decklink-device-instance.obj
d:\proj\gitwork\bcmedia\bcobs\build-x64\plugins\decklink\win\win-decklink.dir\release\decklink-source.obj
d:\proj\gitwork\bcmedia\bcobs\build-x64\plugins\decklink\win\win-decklink.dir\release\decklink-device.obj
d:\proj\gitwork\bcmedia\bcobs\build-x64\plugins\decklink\win\win-decklink.dir\release\decklinkoutput.obj
d:\proj\gitwork\bcmedia\bcobs\build-x64\plugins\decklink\win\win-decklink.dir\release\util.obj
d:\proj\gitwork\bcmedia\bcobs\build-x64\plugins\decklink\win\win-decklink.dir\release\decklinkbase.obj
d:\proj\gitwork\bcmedia\bcobs\build-x64\plugins\decklink\win\win-decklink.dir\release\platform.obj
d:\proj\gitwork\bcmedia\bcobs\build-x64\plugins\decklink\win\win-decklink.dir\release\decklinkapi_i.obj
d:\proj\gitwork\bcmedia\bcobs\build-x64\plugins\decklink\win\win-decklink.dir\release\audio-repack.obj
d:\proj\github\obs\obs-studio\build-x64\plugins\decklink\win\decklinkapi.h
d:\proj\github\obs\obs-studio\build-x64\plugins\decklink\win\decklinkapi_i.c
d:\proj\github\obs\obs-studio\build-x64\plugins\decklink\win\cmakefiles\generate.stamp
d:\proj\github\obs\obs-studio\build-x64\plugins\decklink\win\release\win-decklink.dll
d:\proj\github\obs\obs-studio\build-x64\plugins\decklink\win\release\win-decklink.lib
d:\proj\github\obs\obs-studio\build-x64\plugins\decklink\win\release\win-decklink.exp
d:\proj\gitwork\bcmedia\bcobs\build-x64\plugins\decklink\win\win-decklink.dir\release\win-decklink.tlog\cl.10876.write.1.tlog
d:\proj\gitwork\bcmedia\bcobs\build-x64\plugins\decklink\win\win-decklink.dir\release\win-decklink.tlog\cl.command.1.tlog
d:\proj\gitwork\bcmedia\bcobs\build-x64\plugins\decklink\win\win-decklink.dir\release\win-decklink.tlog\cl.read.1.tlog
d:\proj\gitwork\bcmedia\bcobs\build-x64\plugins\decklink\win\win-decklink.dir\release\win-decklink.tlog\custombuild.command.1.tlog
d:\proj\gitwork\bcmedia\bcobs\build-x64\plugins\decklink\win\win-decklink.dir\release\win-decklink.tlog\custombuild.read.1.tlog
d:\proj\gitwork\bcmedia\bcobs\build-x64\plugins\decklink\win\win-decklink.dir\release\win-decklink.tlog\custombuild.write.1.tlog
d:\proj\gitwork\bcmedia\bcobs\build-x64\plugins\decklink\win\win-decklink.dir\release\win-decklink.tlog\link.command.1.tlog
d:\proj\gitwork\bcmedia\bcobs\build-x64\plugins\decklink\win\win-decklink.dir\release\win-decklink.tlog\link.read.1.tlog
d:\proj\gitwork\bcmedia\bcobs\build-x64\plugins\decklink\win\win-decklink.dir\release\win-decklink.tlog\link.write.1.tlog
d:\proj\gitwork\bcmedia\bcobs\build-x64\plugins\decklink\win\win-decklink.dir\release\win-decklink.tlog\win-decklink.write.1u.tlog
