  Generating DeckLinkAPI.h, DeckLinkAPI_i.c
  Microsoft (R) 32b/64b MIDL Compiler Version 8.01.0622 
  Copyright (c) Microsoft Corporation. All rights reserved.
  64 bit Processing D:\proj\github\obs\obs-studio\plugins\decklink\win\decklink-sdk\DeckLinkAPI.idl
  DeckLinkAPI.idl
  64 bit Processing C:\Program Files (x86)\Windows Kits\10\Include\10.0.18362.0\um\unknwn.idl
  unknwn.idl
  64 bit Processing C:\Program Files (x86)\Windows Kits\10\Include\10.0.18362.0\shared\wtypes.idl
  wtypes.idl
  64 bit Processing C:\Program Files (x86)\Windows Kits\10\Include\10.0.18362.0\shared\wtypesbase.idl
  wtypesbase.idl
  64 bit Processing C:\Program Files (x86)\Windows Kits\10\Include\10.0.18362.0\shared\basetsd.h
  basetsd.h
  64 bit Processing C:\Program Files (x86)\Windows Kits\10\Include\10.0.18362.0\shared\guiddef.h
  guiddef.h
  64 bit Processing C:\Program Files (x86)\Windows Kits\10\Include\10.0.18362.0\um\oaidl.idl
  oaidl.idl
  64 bit Processing C:\Program Files (x86)\Windows Kits\10\Include\10.0.18362.0\um\objidl.idl
  objidl.idl
  64 bit Processing C:\Program Files (x86)\Windows Kits\10\Include\10.0.18362.0\um\oaidl.acf
  oaidl.acf
  Building Custom Rule D:/proj/github/obs/obs-studio/plugins/decklink/win/CMakeLists.txt
  plugin-main.cpp
  decklink-devices.cpp
  DecklinkOutput.cpp
  decklink-source.cpp
  decklink-output.cpp
  DecklinkInput.cpp
  DecklinkBase.cpp
  decklink-device-instance.cpp
  decklink-device-discovery.cpp
  decklink-device.cpp
  decklink-device-mode.cpp
  platform.cpp
  util.cpp
  audio-repack.c
  DeckLinkAPI_i.c
    正在创建库 D:/proj/github/obs/obs-studio/build-x64/plugins/decklink/win/Release/win-decklink.lib 和对象 D:/proj/github/obs/obs-studio/build-x64/plugins/decklink/win/Release/win-decklink.exp
  win-decklink.vcxproj -> D:\proj\github\obs\obs-studio\build-x64\plugins\decklink\win\Release\win-decklink.dll
