d:\proj\gitwork\bcmedia\bcobs\build-x64\plugins\obs-transitions\obs-transitions.dir\release\transition-fade.obj
d:\proj\gitwork\bcmedia\bcobs\build-x64\plugins\obs-transitions\obs-transitions.dir\release\transition-slide.obj
d:\proj\gitwork\bcmedia\bcobs\build-x64\plugins\obs-transitions\obs-transitions.dir\release\transition-stinger.obj
d:\proj\gitwork\bcmedia\bcobs\build-x64\plugins\obs-transitions\obs-transitions.dir\release\obs-transitions.obj
d:\proj\gitwork\bcmedia\bcobs\build-x64\plugins\obs-transitions\obs-transitions.dir\release\transition-fade-to-color.obj
d:\proj\gitwork\bcmedia\bcobs\build-x64\plugins\obs-transitions\obs-transitions.dir\release\transition-cut.obj
d:\proj\gitwork\bcmedia\bcobs\build-x64\plugins\obs-transitions\obs-transitions.dir\release\transition-luma-wipe.obj
d:\proj\gitwork\bcmedia\bcobs\build-x64\plugins\obs-transitions\obs-transitions.dir\release\transition-swipe.obj
d:\proj\github\obs\obs-studio\build-x64\plugins\obs-transitions\cmakefiles\generate.stamp
d:\proj\github\obs\obs-studio\build-x64\plugins\obs-transitions\release\obs-transitions.dll
d:\proj\github\obs\obs-studio\build-x64\plugins\obs-transitions\release\obs-transitions.lib
d:\proj\github\obs\obs-studio\build-x64\plugins\obs-transitions\release\obs-transitions.exp
d:\proj\gitwork\bcmedia\bcobs\build-x64\plugins\obs-transitions\obs-transitions.dir\release\obs-transitions.tlog\cl.10148.write.1.tlog
d:\proj\gitwork\bcmedia\bcobs\build-x64\plugins\obs-transitions\obs-transitions.dir\release\obs-transitions.tlog\cl.command.1.tlog
d:\proj\gitwork\bcmedia\bcobs\build-x64\plugins\obs-transitions\obs-transitions.dir\release\obs-transitions.tlog\cl.read.1.tlog
d:\proj\gitwork\bcmedia\bcobs\build-x64\plugins\obs-transitions\obs-transitions.dir\release\obs-transitions.tlog\custombuild.command.1.tlog
d:\proj\gitwork\bcmedia\bcobs\build-x64\plugins\obs-transitions\obs-transitions.dir\release\obs-transitions.tlog\custombuild.read.1.tlog
d:\proj\gitwork\bcmedia\bcobs\build-x64\plugins\obs-transitions\obs-transitions.dir\release\obs-transitions.tlog\custombuild.write.1.tlog
d:\proj\gitwork\bcmedia\bcobs\build-x64\plugins\obs-transitions\obs-transitions.dir\release\obs-transitions.tlog\link.command.1.tlog
d:\proj\gitwork\bcmedia\bcobs\build-x64\plugins\obs-transitions\obs-transitions.dir\release\obs-transitions.tlog\link.read.1.tlog
d:\proj\gitwork\bcmedia\bcobs\build-x64\plugins\obs-transitions\obs-transitions.dir\release\obs-transitions.tlog\link.write.1.tlog
d:\proj\gitwork\bcmedia\bcobs\build-x64\plugins\obs-transitions\obs-transitions.dir\release\obs-transitions.tlog\obs-transitions.write.1u.tlog
