d:\proj\gitwork\bcmedia\bcobs\build-x64\plugins\enc-amf\enc-amf.dir\release\amf-encoder-h264.obj
d:\proj\gitwork\bcmedia\bcobs\build-x64\plugins\enc-amf\enc-amf.dir\release\enc-h265.obj
d:\proj\gitwork\bcmedia\bcobs\build-x64\plugins\enc-amf\enc-amf.dir\release\plugin.obj
d:\proj\gitwork\bcmedia\bcobs\build-x64\plugins\enc-amf\enc-amf.dir\release\amf.obj
d:\proj\gitwork\bcmedia\bcobs\build-x64\plugins\enc-amf\enc-amf.dir\release\api-host.obj
d:\proj\gitwork\bcmedia\bcobs\build-x64\plugins\enc-amf\enc-amf.dir\release\utility.obj
d:\proj\gitwork\bcmedia\bcobs\build-x64\plugins\enc-amf\enc-amf.dir\release\api-base.obj
d:\proj\gitwork\bcmedia\bcobs\build-x64\plugins\enc-amf\enc-amf.dir\release\api-d3d11.obj
d:\proj\gitwork\bcmedia\bcobs\build-x64\plugins\enc-amf\enc-amf.dir\release\amf-encoder-h265.obj
d:\proj\gitwork\bcmedia\bcobs\build-x64\plugins\enc-amf\enc-amf.dir\release\amf-capabilities.obj
d:\proj\gitwork\bcmedia\bcobs\build-x64\plugins\enc-amf\enc-amf.dir\release\api-opengl.obj
d:\proj\gitwork\bcmedia\bcobs\build-x64\plugins\enc-amf\enc-amf.dir\release\enc-h264.obj
d:\proj\gitwork\bcmedia\bcobs\build-x64\plugins\enc-amf\enc-amf.dir\release\api-d3d9.obj
d:\proj\gitwork\bcmedia\bcobs\build-x64\plugins\enc-amf\enc-amf.dir\release\amf-encoder.obj
d:\proj\github\obs\obs-studio\build-x64\plugins\enc-amf\cmakefiles\generate.stamp
d:\proj\github\obs\obs-studio\build-x64\plugins\enc-amf\release\enc-amf.lib
d:\proj\github\obs\obs-studio\build-x64\plugins\enc-amf\release\enc-amf.exp
d:\proj\github\obs\obs-studio\build-x64\plugins\enc-amf\release\enc-amf.dll
d:\proj\gitwork\bcmedia\bcobs\build-x64\plugins\enc-amf\enc-amf.dir\release\version.res
d:\proj\gitwork\bcmedia\bcobs\build-x64\plugins\enc-amf\enc-amf.dir\release\enc-amf.tlog\cl.11556.write.1.tlog
d:\proj\gitwork\bcmedia\bcobs\build-x64\plugins\enc-amf\enc-amf.dir\release\enc-amf.tlog\cl.command.1.tlog
d:\proj\gitwork\bcmedia\bcobs\build-x64\plugins\enc-amf\enc-amf.dir\release\enc-amf.tlog\cl.read.1.tlog
d:\proj\gitwork\bcmedia\bcobs\build-x64\plugins\enc-amf\enc-amf.dir\release\enc-amf.tlog\custombuild.command.1.tlog
d:\proj\gitwork\bcmedia\bcobs\build-x64\plugins\enc-amf\enc-amf.dir\release\enc-amf.tlog\custombuild.read.1.tlog
d:\proj\gitwork\bcmedia\bcobs\build-x64\plugins\enc-amf\enc-amf.dir\release\enc-amf.tlog\custombuild.write.1.tlog
d:\proj\gitwork\bcmedia\bcobs\build-x64\plugins\enc-amf\enc-amf.dir\release\enc-amf.tlog\enc-amf.write.1u.tlog
d:\proj\gitwork\bcmedia\bcobs\build-x64\plugins\enc-amf\enc-amf.dir\release\enc-amf.tlog\link.command.1.tlog
d:\proj\gitwork\bcmedia\bcobs\build-x64\plugins\enc-amf\enc-amf.dir\release\enc-amf.tlog\link.read.1.tlog
d:\proj\gitwork\bcmedia\bcobs\build-x64\plugins\enc-amf\enc-amf.dir\release\enc-amf.tlog\link.write.1.tlog
d:\proj\gitwork\bcmedia\bcobs\build-x64\plugins\enc-amf\enc-amf.dir\release\enc-amf.tlog\rc.command.1.tlog
d:\proj\gitwork\bcmedia\bcobs\build-x64\plugins\enc-amf\enc-amf.dir\release\enc-amf.tlog\rc.read.1.tlog
d:\proj\gitwork\bcmedia\bcobs\build-x64\plugins\enc-amf\enc-amf.dir\release\enc-amf.tlog\rc.write.1.tlog
