  Building Custom Rule D:/proj/github/obs/obs-studio/plugins/win-dshow/CMakeLists.txt
  win-dshow.cpp
  win-dshow-encoder.cpp
  dshow-plugin.cpp
  capture-filter.cpp
  output-filter.cpp
  dshowcapture.cpp
  dshowencode.cpp
  device.cpp
  encoder.cpp
  dshow-base.cpp
D:\proj\github\obs\obs-tools\obs-deps2017\win64\include\libavutil\rational.h(1,1): warning C4819: 该文件包含不能在当前代码页(936)中表示的字符。请将该文件保存为 Unicode 格式以防止数据丢失 (编译源文件 D:\proj\github\obs\obs-studio\plugins\win-dshow\win-dshow.cpp)
  dshow-demux.cpp
  dshow-enum.cpp
  dshow-formats.cpp
  dshow-media-type.cpp
  dshow-encoded-device.cpp
  log.cpp
  ffmpeg-decode.c
D:\proj\github\obs\obs-tools\obs-deps2017\win64\include\libavutil\rational.h(1,1): warning C4819: 该文件包含不能在当前代码页(936)中表示的字符。请将该文件保存为 Unicode 格式以防止数据丢失
    正在创建库 D:/proj/github/obs/obs-studio/build-x64/plugins/win-dshow/Release/win-dshow.lib 和对象 D:/proj/github/obs/obs-studio/build-x64/plugins/win-dshow/Release/win-dshow.exp
  win-dshow.vcxproj -> D:\proj\github\obs\obs-studio\build-x64\plugins\win-dshow\Release\win-dshow.dll
