d:\proj\gitwork\bcmedia\bcobs\build-x64\plugins\win-dshow\win-dshow.dir\release\ffmpeg-decode.obj
d:\proj\gitwork\bcmedia\bcobs\build-x64\plugins\win-dshow\win-dshow.dir\release\dshowcapture.obj
d:\proj\gitwork\bcmedia\bcobs\build-x64\plugins\win-dshow\win-dshow.dir\release\dshow-formats.obj
d:\proj\gitwork\bcmedia\bcobs\build-x64\plugins\win-dshow\win-dshow.dir\release\capture-filter.obj
d:\proj\gitwork\bcmedia\bcobs\build-x64\plugins\win-dshow\win-dshow.dir\release\dshow-enum.obj
d:\proj\gitwork\bcmedia\bcobs\build-x64\plugins\win-dshow\win-dshow.dir\release\device.obj
d:\proj\gitwork\bcmedia\bcobs\build-x64\plugins\win-dshow\win-dshow.dir\release\dshow-encoded-device.obj
d:\proj\gitwork\bcmedia\bcobs\build-x64\plugins\win-dshow\win-dshow.dir\release\dshow-plugin.obj
d:\proj\gitwork\bcmedia\bcobs\build-x64\plugins\win-dshow\win-dshow.dir\release\encoder.obj
d:\proj\gitwork\bcmedia\bcobs\build-x64\plugins\win-dshow\win-dshow.dir\release\log.obj
d:\proj\gitwork\bcmedia\bcobs\build-x64\plugins\win-dshow\win-dshow.dir\release\output-filter.obj
d:\proj\gitwork\bcmedia\bcobs\build-x64\plugins\win-dshow\win-dshow.dir\release\dshow-demux.obj
d:\proj\gitwork\bcmedia\bcobs\build-x64\plugins\win-dshow\win-dshow.dir\release\win-dshow-encoder.obj
d:\proj\gitwork\bcmedia\bcobs\build-x64\plugins\win-dshow\win-dshow.dir\release\dshow-base.obj
d:\proj\gitwork\bcmedia\bcobs\build-x64\plugins\win-dshow\win-dshow.dir\release\win-dshow.obj
d:\proj\gitwork\bcmedia\bcobs\build-x64\plugins\win-dshow\win-dshow.dir\release\dshowencode.obj
d:\proj\gitwork\bcmedia\bcobs\build-x64\plugins\win-dshow\win-dshow.dir\release\dshow-media-type.obj
d:\proj\github\obs\obs-studio\build-x64\plugins\win-dshow\cmakefiles\generate.stamp
d:\proj\github\obs\obs-studio\build-x64\plugins\win-dshow\release\win-dshow.dll
d:\proj\github\obs\obs-studio\build-x64\plugins\win-dshow\release\win-dshow.lib
d:\proj\github\obs\obs-studio\build-x64\plugins\win-dshow\release\win-dshow.exp
d:\proj\gitwork\bcmedia\bcobs\build-x64\plugins\win-dshow\win-dshow.dir\release\win-dshow.tlog\cl.command.1.tlog
d:\proj\gitwork\bcmedia\bcobs\build-x64\plugins\win-dshow\win-dshow.dir\release\win-dshow.tlog\cl.read.1.tlog
d:\proj\gitwork\bcmedia\bcobs\build-x64\plugins\win-dshow\win-dshow.dir\release\win-dshow.tlog\cl.write.1.tlog
d:\proj\gitwork\bcmedia\bcobs\build-x64\plugins\win-dshow\win-dshow.dir\release\win-dshow.tlog\custombuild.command.1.tlog
d:\proj\gitwork\bcmedia\bcobs\build-x64\plugins\win-dshow\win-dshow.dir\release\win-dshow.tlog\custombuild.read.1.tlog
d:\proj\gitwork\bcmedia\bcobs\build-x64\plugins\win-dshow\win-dshow.dir\release\win-dshow.tlog\custombuild.write.1.tlog
d:\proj\gitwork\bcmedia\bcobs\build-x64\plugins\win-dshow\win-dshow.dir\release\win-dshow.tlog\link.command.1.tlog
d:\proj\gitwork\bcmedia\bcobs\build-x64\plugins\win-dshow\win-dshow.dir\release\win-dshow.tlog\link.read.1.tlog
d:\proj\gitwork\bcmedia\bcobs\build-x64\plugins\win-dshow\win-dshow.dir\release\win-dshow.tlog\link.write.1.tlog
d:\proj\gitwork\bcmedia\bcobs\build-x64\plugins\win-dshow\win-dshow.dir\release\win-dshow.tlog\win-dshow.write.1u.tlog
