d:\proj\gitwork\bcmedia\bcobs\build-x64\ui\obs.dir\release\ff-util.obj
d:\proj\gitwork\bcmedia\bcobs\build-x64\ui\obs.dir\release\obs-app.obj
d:\proj\gitwork\bcmedia\bcobs\build-x64\ui\obs.dir\release\window-basic-settings-stream.obj
d:\proj\gitwork\bcmedia\bcobs\build-x64\ui\obs.dir\release\window-basic-main-browser.obj
d:\proj\gitwork\bcmedia\bcobs\build-x64\ui\obs.dir\release\window-projector.obj
d:\proj\gitwork\bcmedia\bcobs\build-x64\ui\obs.dir\release\double-slider.obj
d:\proj\gitwork\bcmedia\bcobs\build-x64\ui\obs.dir\release\url-push-button.obj
d:\proj\gitwork\bcmedia\bcobs\build-x64\ui\obs.dir\release\visibility-item-widget.obj
d:\proj\gitwork\bcmedia\bcobs\build-x64\ui\obs.dir\release\qt-wrappers.obj
d:\proj\gitwork\bcmedia\bcobs\build-x64\ui\obs.dir\release\platform-windows.obj
d:\proj\gitwork\bcmedia\bcobs\build-x64\ui\obs.dir\release\window-basic-interaction.obj
d:\proj\gitwork\bcmedia\bcobs\build-x64\ui\obs.dir\release\window-basic-auto-config-test.obj
d:\proj\gitwork\bcmedia\bcobs\build-x64\ui\obs.dir\release\window-basic-about.obj
d:\proj\gitwork\bcmedia\bcobs\build-x64\ui\obs.dir\release\properties-view.obj
d:\proj\gitwork\bcmedia\bcobs\build-x64\ui\obs.dir\release\adv-audio-control.obj
d:\proj\gitwork\bcmedia\bcobs\build-x64\ui\obs.dir\release\importers.obj
d:\proj\gitwork\bcmedia\bcobs\build-x64\ui\obs.dir\release\xsplit.obj
d:\proj\gitwork\bcmedia\bcobs\build-x64\ui\obs.dir\release\mocs_compilation.obj
d:\proj\gitwork\bcmedia\bcobs\build-x64\ui\obs.dir\release\window-basic-auto-config.obj
d:\proj\gitwork\bcmedia\bcobs\build-x64\ui\obs.dir\release\window-basic-main-dropfiles.obj
d:\proj\gitwork\bcmedia\bcobs\build-x64\ui\obs.dir\release\window-basic-preview.obj
d:\proj\gitwork\bcmedia\bcobs\build-x64\ui\obs.dir\release\source-tree.obj
d:\proj\gitwork\bcmedia\bcobs\build-x64\ui\obs.dir\release\volume-control.obj
d:\proj\gitwork\bcmedia\bcobs\build-x64\ui\obs.dir\release\crash-report.obj
d:\proj\gitwork\bcmedia\bcobs\build-x64\ui\obs.dir\release\studio.obj
d:\proj\gitwork\bcmedia\bcobs\build-x64\ui\obs.dir\release\update-window.obj
d:\proj\gitwork\bcmedia\bcobs\build-x64\ui\obs.dir\release\window-basic-stats.obj
d:\proj\gitwork\bcmedia\bcobs\build-x64\ui\obs.dir\release\window-basic-main-outputs.obj
d:\proj\gitwork\bcmedia\bcobs\build-x64\ui\obs.dir\release\window-basic-main-transitions.obj
d:\proj\gitwork\bcmedia\bcobs\build-x64\ui\obs.dir\release\window-basic-transform.obj
d:\proj\gitwork\bcmedia\bcobs\build-x64\ui\obs.dir\release\window-remux.obj
d:\proj\gitwork\bcmedia\bcobs\build-x64\ui\obs.dir\release\record-button.obj
d:\proj\gitwork\bcmedia\bcobs\build-x64\ui\obs.dir\release\qt-display.obj
d:\proj\gitwork\bcmedia\bcobs\build-x64\ui\obs.dir\release\classic.obj
d:\proj\gitwork\bcmedia\bcobs\build-x64\ui\obs.dir\release\win-update-helpers.obj
d:\proj\gitwork\bcmedia\bcobs\build-x64\ui\obs.dir\release\api-interface.obj
d:\proj\gitwork\bcmedia\bcobs\build-x64\ui\obs.dir\release\window-basic-settings.obj
d:\proj\gitwork\bcmedia\bcobs\build-x64\ui\obs.dir\release\window-basic-adv-audio.obj
d:\proj\gitwork\bcmedia\bcobs\build-x64\ui\obs.dir\release\auth-base.obj
d:\proj\gitwork\bcmedia\bcobs\build-x64\ui\obs.dir\release\slider-ignorewheel.obj
d:\proj\gitwork\bcmedia\bcobs\build-x64\ui\obs.dir\release\horizontal-scroll-area.obj
d:\proj\gitwork\bcmedia\bcobs\build-x64\ui\obs.dir\release\source-label.obj
d:\proj\gitwork\bcmedia\bcobs\build-x64\ui\obs.dir\release\sl.obj
d:\proj\gitwork\bcmedia\bcobs\build-x64\ui\obs.dir\release\win-update.obj
d:\proj\gitwork\bcmedia\bcobs\build-x64\ui\obs.dir\release\window-basic-properties.obj
d:\proj\gitwork\bcmedia\bcobs\build-x64\ui\obs.dir\release\window-basic-main-scene-collections.obj
d:\proj\gitwork\bcmedia\bcobs\build-x64\ui\obs.dir\release\window-basic-main-icons.obj
d:\proj\gitwork\bcmedia\bcobs\build-x64\ui\obs.dir\release\window-importer.obj
d:\proj\gitwork\bcmedia\bcobs\build-x64\ui\obs.dir\release\menu-button.obj
d:\proj\gitwork\bcmedia\bcobs\build-x64\ui\obs.dir\release\ui-validation.obj
d:\proj\gitwork\bcmedia\bcobs\build-x64\ui\obs.dir\release\slider-absoluteset-style.obj
d:\proj\gitwork\bcmedia\bcobs\build-x64\ui\obs.dir\release\remote-text.obj
d:\proj\gitwork\bcmedia\bcobs\build-x64\ui\obs.dir\release\window-dock.obj
d:\proj\gitwork\bcmedia\bcobs\build-x64\ui\obs.dir\release\window-basic-filters.obj
d:\proj\gitwork\bcmedia\bcobs\build-x64\ui\obs.dir\release\window-basic-source-select.obj
d:\proj\gitwork\bcmedia\bcobs\build-x64\ui\obs.dir\release\window-basic-main-profiles.obj
d:\proj\gitwork\bcmedia\bcobs\build-x64\ui\obs.dir\release\window-namedialog.obj
d:\proj\gitwork\bcmedia\bcobs\build-x64\ui\obs.dir\release\focus-list.obj
d:\proj\gitwork\bcmedia\bcobs\build-x64\ui\obs.dir\release\combobox-ignorewheel.obj
d:\proj\gitwork\bcmedia\bcobs\build-x64\ui\obs.dir\release\item-widget-helpers.obj
d:\proj\gitwork\bcmedia\bcobs\build-x64\ui\obs.dir\release\hotkey-edit.obj
d:\proj\gitwork\bcmedia\bcobs\build-x64\ui\obs.dir\release\qrc_obs.obj
d:\proj\gitwork\bcmedia\bcobs\build-x64\ui\obs.dir\release\json11.obj
d:\proj\gitwork\bcmedia\bcobs\build-x64\ui\obs.dir\release\window-basic-main.obj
d:\proj\gitwork\bcmedia\bcobs\build-x64\ui\obs.dir\release\window-basic-status-bar.obj
d:\proj\gitwork\bcmedia\bcobs\build-x64\ui\obs.dir\release\window-log-reply.obj
d:\proj\gitwork\bcmedia\bcobs\build-x64\ui\obs.dir\release\scene-tree.obj
d:\proj\gitwork\bcmedia\bcobs\build-x64\ui\obs.dir\release\spinbox-ignorewheel.obj
d:\proj\gitwork\bcmedia\bcobs\build-x64\ui\obs.dir\release\vertical-scroll-area.obj
d:\proj\gitwork\bcmedia\bcobs\build-x64\ui\obs.dir\release\audio-encoders.obj
d:\proj\github\obs\obs-studio\build-x64\ui\ui_namedialog.h
d:\proj\github\obs\obs-studio\build-x64\ui\ui_autoconfigstartpage.h
d:\proj\github\obs\obs-studio\build-x64\ui\ui_autoconfigvideopage.h
d:\proj\github\obs\obs-studio\build-x64\ui\ui_autoconfigstreampage.h
d:\proj\github\obs\obs-studio\build-x64\ui\ui_autoconfigtestpage.h
d:\proj\github\obs\obs-studio\build-x64\ui\ui_colorselect.h
d:\proj\github\obs\obs-studio\build-x64\ui\ui_obslogreply.h
d:\proj\github\obs\obs-studio\build-x64\ui\ui_obsbasic.h
d:\proj\github\obs\obs-studio\build-x64\ui\ui_obsbasictransform.h
d:\proj\github\obs\obs-studio\build-x64\ui\ui_obsbasicfilters.h
d:\proj\github\obs\obs-studio\build-x64\ui\ui_obsbasicsettings.h
d:\proj\github\obs\obs-studio\build-x64\ui\ui_obsbasicsourceselect.h
d:\proj\github\obs\obs-studio\build-x64\ui\ui_obsbasicinteraction.h
d:\proj\github\obs\obs-studio\build-x64\ui\ui_obsextrabrowsers.h
d:\proj\github\obs\obs-studio\build-x64\ui\ui_obsupdate.h
d:\proj\github\obs\obs-studio\build-x64\ui\ui_obsremux.h
d:\proj\github\obs\obs-studio\build-x64\ui\ui_obsimporter.h
d:\proj\github\obs\obs-studio\build-x64\ui\ui_obsabout.h
d:\proj\github\obs\obs-studio\build-x64\ui\qrc_obs.cpp
d:\proj\github\obs\obs-studio\build-x64\ui\cmakefiles\generate.stamp
d:\proj\github\obs\obs-studio\build-x64\ui\release\obs64.exe
d:\proj\github\obs\obs-studio\build-x64\ui\release\obs64.lib
d:\proj\github\obs\obs-studio\build-x64\ui\release\obs64.exp
d:\proj\gitwork\bcmedia\bcobs\build-x64\ui\obs.dir\release\obs.res
d:\proj\gitwork\bcmedia\bcobs\build-x64\ui\obs.dir\release\obs.tlog\cl.command.1.tlog
d:\proj\gitwork\bcmedia\bcobs\build-x64\ui\obs.dir\release\obs.tlog\cl.read.1.tlog
d:\proj\gitwork\bcmedia\bcobs\build-x64\ui\obs.dir\release\obs.tlog\cl.write.1.tlog
d:\proj\gitwork\bcmedia\bcobs\build-x64\ui\obs.dir\release\obs.tlog\custombuild.command.1.tlog
d:\proj\gitwork\bcmedia\bcobs\build-x64\ui\obs.dir\release\obs.tlog\custombuild.read.1.tlog
d:\proj\gitwork\bcmedia\bcobs\build-x64\ui\obs.dir\release\obs.tlog\custombuild.write.1.tlog
d:\proj\gitwork\bcmedia\bcobs\build-x64\ui\obs.dir\release\obs.tlog\link.command.1.tlog
d:\proj\gitwork\bcmedia\bcobs\build-x64\ui\obs.dir\release\obs.tlog\link.read.1.tlog
d:\proj\gitwork\bcmedia\bcobs\build-x64\ui\obs.dir\release\obs.tlog\link.write.1.tlog
d:\proj\gitwork\bcmedia\bcobs\build-x64\ui\obs.dir\release\obs.tlog\obs.write.1u.tlog
d:\proj\gitwork\bcmedia\bcobs\build-x64\ui\obs.dir\release\obs.tlog\rc.command.1.tlog
d:\proj\gitwork\bcmedia\bcobs\build-x64\ui\obs.dir\release\obs.tlog\rc.read.1.tlog
d:\proj\gitwork\bcmedia\bcobs\build-x64\ui\obs.dir\release\obs.tlog\rc.write.1.tlog
