d:\proj\gitwork\bcmedia\bcobs\build-x64\deps\jansson\jansson.dir\release\hashtable_seed.obj
d:\proj\gitwork\bcmedia\bcobs\build-x64\deps\jansson\jansson.dir\release\memory.obj
d:\proj\gitwork\bcmedia\bcobs\build-x64\deps\jansson\jansson.dir\release\value.obj
d:\proj\gitwork\bcmedia\bcobs\build-x64\deps\jansson\jansson.dir\release\error.obj
d:\proj\gitwork\bcmedia\bcobs\build-x64\deps\jansson\jansson.dir\release\strconv.obj
d:\proj\gitwork\bcmedia\bcobs\build-x64\deps\jansson\jansson.dir\release\hashtable.obj
d:\proj\gitwork\bcmedia\bcobs\build-x64\deps\jansson\jansson.dir\release\pack_unpack.obj
d:\proj\gitwork\bcmedia\bcobs\build-x64\deps\jansson\jansson.dir\release\load.obj
d:\proj\gitwork\bcmedia\bcobs\build-x64\deps\jansson\jansson.dir\release\dump.obj
d:\proj\gitwork\bcmedia\bcobs\build-x64\deps\jansson\jansson.dir\release\strbuffer.obj
d:\proj\gitwork\bcmedia\bcobs\build-x64\deps\jansson\jansson.dir\release\utf.obj
d:\proj\github\obs\obs-studio\build-x64\deps\jansson\cmakefiles\generate.stamp
d:\proj\github\obs\obs-studio\build-x64\deps\jansson\lib\release\jansson.lib
d:\proj\gitwork\bcmedia\bcobs\build-x64\deps\jansson\jansson.dir\release\jansson.tlog\cl.10584.write.1.tlog
d:\proj\gitwork\bcmedia\bcobs\build-x64\deps\jansson\jansson.dir\release\jansson.tlog\cl.command.1.tlog
d:\proj\gitwork\bcmedia\bcobs\build-x64\deps\jansson\jansson.dir\release\jansson.tlog\cl.read.1.tlog
d:\proj\gitwork\bcmedia\bcobs\build-x64\deps\jansson\jansson.dir\release\jansson.tlog\custombuild.command.1.tlog
d:\proj\gitwork\bcmedia\bcobs\build-x64\deps\jansson\jansson.dir\release\jansson.tlog\custombuild.read.1.tlog
d:\proj\gitwork\bcmedia\bcobs\build-x64\deps\jansson\jansson.dir\release\jansson.tlog\custombuild.write.1.tlog
d:\proj\gitwork\bcmedia\bcobs\build-x64\deps\jansson\jansson.dir\release\jansson.tlog\lib-link.read.1.tlog
d:\proj\gitwork\bcmedia\bcobs\build-x64\deps\jansson\jansson.dir\release\jansson.tlog\lib-link.write.1.tlog
d:\proj\gitwork\bcmedia\bcobs\build-x64\deps\jansson\jansson.dir\release\jansson.tlog\lib.command.1.tlog
