d:\proj\gitwork\bcmedia\bcobs\build-x64\libobs-opengl\libobs-opengl.dir\release\gl-texture2d.obj
d:\proj\gitwork\bcmedia\bcobs\build-x64\libobs-opengl\libobs-opengl.dir\release\gl-zstencil.obj
d:\proj\gitwork\bcmedia\bcobs\build-x64\libobs-opengl\libobs-opengl.dir\release\gl-shader.obj
d:\proj\gitwork\bcmedia\bcobs\build-x64\libobs-opengl\libobs-opengl.dir\release\gl-indexbuffer.obj
d:\proj\gitwork\bcmedia\bcobs\build-x64\libobs-opengl\libobs-opengl.dir\release\gl-texture3d.obj
d:\proj\gitwork\bcmedia\bcobs\build-x64\libobs-opengl\libobs-opengl.dir\release\gl-windows.obj
d:\proj\gitwork\bcmedia\bcobs\build-x64\libobs-opengl\libobs-opengl.dir\release\gl-helpers.obj
d:\proj\gitwork\bcmedia\bcobs\build-x64\libobs-opengl\libobs-opengl.dir\release\gl-texturecube.obj
d:\proj\gitwork\bcmedia\bcobs\build-x64\libobs-opengl\libobs-opengl.dir\release\gl-subsystem.obj
d:\proj\gitwork\bcmedia\bcobs\build-x64\libobs-opengl\libobs-opengl.dir\release\gl-shaderparser.obj
d:\proj\gitwork\bcmedia\bcobs\build-x64\libobs-opengl\libobs-opengl.dir\release\gl-stagesurf.obj
d:\proj\gitwork\bcmedia\bcobs\build-x64\libobs-opengl\libobs-opengl.dir\release\gl-vertexbuffer.obj
d:\proj\github\obs\obs-studio\build-x64\libobs-opengl\cmakefiles\generate.stamp
d:\proj\github\obs\obs-studio\build-x64\libobs-opengl\release\libobs-opengl.lib
d:\proj\github\obs\obs-studio\build-x64\libobs-opengl\release\libobs-opengl.exp
d:\proj\github\obs\obs-studio\build-x64\libobs-opengl\release\libobs-opengl.dll
d:\proj\gitwork\bcmedia\bcobs\build-x64\libobs-opengl\libobs-opengl.dir\release\libobs-opengl.tlog\cl.15932.write.1.tlog
d:\proj\gitwork\bcmedia\bcobs\build-x64\libobs-opengl\libobs-opengl.dir\release\libobs-opengl.tlog\cl.command.1.tlog
d:\proj\gitwork\bcmedia\bcobs\build-x64\libobs-opengl\libobs-opengl.dir\release\libobs-opengl.tlog\cl.read.1.tlog
d:\proj\gitwork\bcmedia\bcobs\build-x64\libobs-opengl\libobs-opengl.dir\release\libobs-opengl.tlog\custombuild.command.1.tlog
d:\proj\gitwork\bcmedia\bcobs\build-x64\libobs-opengl\libobs-opengl.dir\release\libobs-opengl.tlog\custombuild.read.1.tlog
d:\proj\gitwork\bcmedia\bcobs\build-x64\libobs-opengl\libobs-opengl.dir\release\libobs-opengl.tlog\custombuild.write.1.tlog
d:\proj\gitwork\bcmedia\bcobs\build-x64\libobs-opengl\libobs-opengl.dir\release\libobs-opengl.tlog\libobs-opengl.write.1u.tlog
d:\proj\gitwork\bcmedia\bcobs\build-x64\libobs-opengl\libobs-opengl.dir\release\libobs-opengl.tlog\link.command.1.tlog
d:\proj\gitwork\bcmedia\bcobs\build-x64\libobs-opengl\libobs-opengl.dir\release\libobs-opengl.tlog\link.read.1.tlog
d:\proj\gitwork\bcmedia\bcobs\build-x64\libobs-opengl\libobs-opengl.dir\release\libobs-opengl.tlog\link.write.1.tlog
