d:\proj\gitwork\bcmedia\bcobs\build-x64\libobs\libobs.dir\release\vec4.obj
d:\proj\gitwork\bcmedia\bcobs\build-x64\libobs\libobs.dir\release\matrix4.obj
d:\proj\gitwork\bcmedia\bcobs\build-x64\libobs\libobs.dir\release\video-io.obj
d:\proj\gitwork\bcmedia\bcobs\build-x64\libobs\libobs.dir\release\platform.obj
d:\proj\gitwork\bcmedia\bcobs\build-x64\libobs\libobs.dir\release\threading-windows.obj
d:\proj\gitwork\bcmedia\bcobs\build-x64\libobs\libobs.dir\release\obs-service.obj
d:\proj\gitwork\bcmedia\bcobs\build-x64\libobs\libobs.dir\release\obs-output.obj
d:\proj\gitwork\bcmedia\bcobs\build-x64\libobs\libobs.dir\release\obs-audio.obj
d:\proj\gitwork\bcmedia\bcobs\build-x64\libobs\libobs.dir\release\graphics-ffmpeg.obj
d:\proj\gitwork\bcmedia\bcobs\build-x64\libobs\libobs.dir\release\shader-parser.obj
d:\proj\gitwork\bcmedia\bcobs\build-x64\libobs\libobs.dir\release\audio-io.obj
d:\proj\gitwork\bcmedia\bcobs\build-x64\libobs\libobs.dir\release\utf8.obj
d:\proj\gitwork\bcmedia\bcobs\build-x64\libobs\libobs.dir\release\obs-source.obj
d:\proj\gitwork\bcmedia\bcobs\build-x64\libobs\libobs.dir\release\obs-display.obj
d:\proj\gitwork\bcmedia\bcobs\build-x64\libobs\libobs.dir\release\obs-video.obj
d:\proj\gitwork\bcmedia\bcobs\build-x64\libobs\libobs.dir\release\calldata.obj
d:\proj\gitwork\bcmedia\bcobs\build-x64\libobs\libobs.dir\release\axisang.obj
d:\proj\gitwork\bcmedia\bcobs\build-x64\libobs\libobs.dir\release\vec2.obj
d:\proj\gitwork\bcmedia\bcobs\build-x64\libobs\libobs.dir\release\libnsgif.obj
d:\proj\gitwork\bcmedia\bcobs\build-x64\libobs\libobs.dir\release\vec3.obj
d:\proj\gitwork\bcmedia\bcobs\build-x64\libobs\libobs.dir\release\math-extra.obj
d:\proj\gitwork\bcmedia\bcobs\build-x64\libobs\libobs.dir\release\format-conversion.obj
d:\proj\gitwork\bcmedia\bcobs\build-x64\libobs\libobs.dir\release\array-serializer.obj
d:\proj\gitwork\bcmedia\bcobs\build-x64\libobs\libobs.dir\release\lexer.obj
d:\proj\gitwork\bcmedia\bcobs\build-x64\libobs\libobs.dir\release\text-lookup.obj
d:\proj\gitwork\bcmedia\bcobs\build-x64\libobs\libobs.dir\release\obs-audio-controls.obj
d:\proj\gitwork\bcmedia\bcobs\build-x64\libobs\libobs.dir\release\obs-source-transition.obj
d:\proj\gitwork\bcmedia\bcobs\build-x64\libobs\libobs.dir\release\obs-data.obj
d:\proj\gitwork\bcmedia\bcobs\build-x64\libobs\libobs.dir\release\quat.obj
d:\proj\gitwork\bcmedia\bcobs\build-x64\libobs\libobs.dir\release\bounds.obj
d:\proj\gitwork\bcmedia\bcobs\build-x64\libobs\libobs.dir\release\effect.obj
d:\proj\gitwork\bcmedia\bcobs\build-x64\libobs\libobs.dir\release\audio-resampler-ffmpeg.obj
d:\proj\gitwork\bcmedia\bcobs\build-x64\libobs\libobs.dir\release\bmem.obj
d:\proj\gitwork\bcmedia\bcobs\build-x64\libobs\libobs.dir\release\obs-win-crash-handler.obj
d:\proj\gitwork\bcmedia\bcobs\build-x64\libobs\libobs.dir\release\obs-properties.obj
d:\proj\gitwork\bcmedia\bcobs\build-x64\libobs\libobs.dir\release\obs-view.obj
d:\proj\gitwork\bcmedia\bcobs\build-x64\libobs\libobs.dir\release\wasapi-output.obj
d:\proj\gitwork\bcmedia\bcobs\build-x64\libobs\libobs.dir\release\proc.obj
d:\proj\gitwork\bcmedia\bcobs\build-x64\libobs\libobs.dir\release\texture-render.obj
d:\proj\gitwork\bcmedia\bcobs\build-x64\libobs\libobs.dir\release\plane.obj
d:\proj\gitwork\bcmedia\bcobs\build-x64\libobs\libobs.dir\release\video-matrices.obj
d:\proj\gitwork\bcmedia\bcobs\build-x64\libobs\libobs.dir\release\media-remux.obj
d:\proj\gitwork\bcmedia\bcobs\build-x64\libobs\libobs.dir\release\file-serializer.obj
d:\proj\gitwork\bcmedia\bcobs\build-x64\libobs\libobs.dir\release\dstr.obj
d:\proj\gitwork\bcmedia\bcobs\build-x64\libobs\libobs.dir\release\pipe-windows.obj
d:\proj\gitwork\bcmedia\bcobs\build-x64\libobs\libobs.dir\release\obs-encoder.obj
d:\proj\gitwork\bcmedia\bcobs\build-x64\libobs\libobs.dir\release\obs.obj
d:\proj\gitwork\bcmedia\bcobs\build-x64\libobs\libobs.dir\release\obs-module.obj
d:\proj\gitwork\bcmedia\bcobs\build-x64\libobs\libobs.dir\release\obs-video-gpu-encode.obj
d:\proj\gitwork\bcmedia\bcobs\build-x64\libobs\libobs.dir\release\wasapi-enum-devices.obj
d:\proj\gitwork\bcmedia\bcobs\build-x64\libobs\libobs.dir\release\effect-parser.obj
d:\proj\gitwork\bcmedia\bcobs\build-x64\libobs\libobs.dir\release\graphics-imports.obj
d:\proj\gitwork\bcmedia\bcobs\build-x64\libobs\libobs.dir\release\config-file.obj
d:\proj\gitwork\bcmedia\bcobs\build-x64\libobs\libobs.dir\release\profiler.obj
d:\proj\gitwork\bcmedia\bcobs\build-x64\libobs\libobs.dir\release\obs-avc.obj
d:\proj\gitwork\bcmedia\bcobs\build-x64\libobs\libobs.dir\release\obs-source-deinterlace.obj
d:\proj\gitwork\bcmedia\bcobs\build-x64\libobs\libobs.dir\release\obs-output-delay.obj
d:\proj\gitwork\bcmedia\bcobs\build-x64\libobs\libobs.dir\release\obs-hotkey.obj
d:\proj\gitwork\bcmedia\bcobs\build-x64\libobs\libobs.dir\release\signal.obj
d:\proj\gitwork\bcmedia\bcobs\build-x64\libobs\libobs.dir\release\image-file.obj
d:\proj\gitwork\bcmedia\bcobs\build-x64\libobs\libobs.dir\release\graphics.obj
d:\proj\gitwork\bcmedia\bcobs\build-x64\libobs\libobs.dir\release\video-frame.obj
d:\proj\gitwork\bcmedia\bcobs\build-x64\libobs\libobs.dir\release\base.obj
d:\proj\gitwork\bcmedia\bcobs\build-x64\libobs\libobs.dir\release\crc32.obj
d:\proj\gitwork\bcmedia\bcobs\build-x64\libobs\libobs.dir\release\cf-parser.obj
d:\proj\gitwork\bcmedia\bcobs\build-x64\libobs\libobs.dir\release\platform-windows.obj
d:\proj\gitwork\bcmedia\bcobs\build-x64\libobs\libobs.dir\release\obs-scene.obj
d:\proj\gitwork\bcmedia\bcobs\build-x64\libobs\libobs.dir\release\decl.obj
d:\proj\gitwork\bcmedia\bcobs\build-x64\libobs\libobs.dir\release\matrix3.obj
d:\proj\gitwork\bcmedia\bcobs\build-x64\libobs\libobs.dir\release\video-fourcc.obj
d:\proj\gitwork\bcmedia\bcobs\build-x64\libobs\libobs.dir\release\video-scaler-ffmpeg.obj
d:\proj\gitwork\bcmedia\bcobs\build-x64\libobs\libobs.dir\release\cf-lexer.obj
d:\proj\gitwork\bcmedia\bcobs\build-x64\libobs\libobs.dir\release\obs-windows.obj
d:\proj\gitwork\bcmedia\bcobs\build-x64\libobs\libobs.dir\release\obs-hotkey-name-map.obj
d:\proj\github\obs\obs-studio\build-x64\libobs\cmakefiles\generate.stamp
d:\proj\github\obs\obs-studio\build-x64\libobs\release\obs.lib
d:\proj\github\obs\obs-studio\build-x64\libobs\release\obs.exp
d:\proj\github\obs\obs-studio\build-x64\libobs\release\obs.dll
d:\proj\gitwork\bcmedia\bcobs\build-x64\libobs\libobs.dir\release\libobs.tlog\cl.10992.write.1.tlog
d:\proj\gitwork\bcmedia\bcobs\build-x64\libobs\libobs.dir\release\libobs.tlog\cl.command.1.tlog
d:\proj\gitwork\bcmedia\bcobs\build-x64\libobs\libobs.dir\release\libobs.tlog\cl.read.1.tlog
d:\proj\gitwork\bcmedia\bcobs\build-x64\libobs\libobs.dir\release\libobs.tlog\custombuild.command.1.tlog
d:\proj\gitwork\bcmedia\bcobs\build-x64\libobs\libobs.dir\release\libobs.tlog\custombuild.read.1.tlog
d:\proj\gitwork\bcmedia\bcobs\build-x64\libobs\libobs.dir\release\libobs.tlog\custombuild.write.1.tlog
d:\proj\gitwork\bcmedia\bcobs\build-x64\libobs\libobs.dir\release\libobs.tlog\libobs.write.1u.tlog
d:\proj\gitwork\bcmedia\bcobs\build-x64\libobs\libobs.dir\release\libobs.tlog\link.command.1.tlog
d:\proj\gitwork\bcmedia\bcobs\build-x64\libobs\libobs.dir\release\libobs.tlog\link.read.1.tlog
d:\proj\gitwork\bcmedia\bcobs\build-x64\libobs\libobs.dir\release\libobs.tlog\link.write.1.tlog
