d:\proj\gitwork\bcmedia\bcobs\build-x64\deps\obs-scripting\obs-scripting.dir\release\cstrcache.obj
d:\proj\gitwork\bcmedia\bcobs\build-x64\deps\obs-scripting\obs-scripting.dir\release\obs-scripting-lua-frontend.obj
d:\proj\gitwork\bcmedia\bcobs\build-x64\deps\obs-scripting\obs-scripting.dir\release\obs-scripting-logging.obj
d:\proj\gitwork\bcmedia\bcobs\build-x64\deps\obs-scripting\obs-scripting.dir\release\obs-scripting.obj
d:\proj\gitwork\bcmedia\bcobs\build-x64\deps\obs-scripting\obs-scripting.dir\release\obs-scripting-lua.obj
d:\proj\gitwork\bcmedia\bcobs\build-x64\deps\obs-scripting\obs-scripting.dir\release\obs-scripting-python-import.obj
d:\proj\gitwork\bcmedia\bcobs\build-x64\deps\obs-scripting\obs-scripting.dir\release\obs-scripting-lua-source.obj
d:\proj\gitwork\bcmedia\bcobs\build-x64\deps\obs-scripting\obs-scripting.dir\release\obs-scripting-python-frontend.obj
d:\proj\gitwork\bcmedia\bcobs\build-x64\deps\obs-scripting\obs-scripting.dir\release\obs-scripting-python.obj
d:\proj\github\obs\obs-studio\build-x64\deps\obs-scripting\swig\swigpyrun.h
d:\proj\github\obs\obs-studio\build-x64\deps\obs-scripting\swig\swigluarun.h
d:\proj\github\obs\obs-studio\build-x64\deps\obs-scripting\cmakefiles\generate.stamp
d:\proj\github\obs\obs-studio\build-x64\deps\obs-scripting\release\obs-scripting.dll
d:\proj\github\obs\obs-studio\build-x64\deps\obs-scripting\release\obs-scripting.lib
d:\proj\github\obs\obs-studio\build-x64\deps\obs-scripting\release\obs-scripting.exp
d:\proj\gitwork\bcmedia\bcobs\build-x64\deps\obs-scripting\obs-scripting.dir\release\obs-scripting.tlog\cl.command.1.tlog
d:\proj\gitwork\bcmedia\bcobs\build-x64\deps\obs-scripting\obs-scripting.dir\release\obs-scripting.tlog\cl.read.1.tlog
d:\proj\gitwork\bcmedia\bcobs\build-x64\deps\obs-scripting\obs-scripting.dir\release\obs-scripting.tlog\cl.write.1.tlog
d:\proj\gitwork\bcmedia\bcobs\build-x64\deps\obs-scripting\obs-scripting.dir\release\obs-scripting.tlog\custombuild.command.1.tlog
d:\proj\gitwork\bcmedia\bcobs\build-x64\deps\obs-scripting\obs-scripting.dir\release\obs-scripting.tlog\custombuild.read.1.tlog
d:\proj\gitwork\bcmedia\bcobs\build-x64\deps\obs-scripting\obs-scripting.dir\release\obs-scripting.tlog\custombuild.write.1.tlog
d:\proj\gitwork\bcmedia\bcobs\build-x64\deps\obs-scripting\obs-scripting.dir\release\obs-scripting.tlog\link.command.1.tlog
d:\proj\gitwork\bcmedia\bcobs\build-x64\deps\obs-scripting\obs-scripting.dir\release\obs-scripting.tlog\link.read.1.tlog
d:\proj\gitwork\bcmedia\bcobs\build-x64\deps\obs-scripting\obs-scripting.dir\release\obs-scripting.tlog\link.write.1.tlog
d:\proj\gitwork\bcmedia\bcobs\build-x64\deps\obs-scripting\obs-scripting.dir\release\obs-scripting.tlog\obs-scripting.write.1u.tlog
